{"/Users/elena/MoodTunes/src/App.jsx": {"path":"/Users/elena/MoodTunes/src/App.jsx","statementMap":{"0":{"start":{"line":8,"column":24},"end":{"line":8,"column":null}},"1":{"start":{"line":9,"column":32},"end":{"line":9,"column":null}},"2":{"start":{"line":11,"column":26},"end":{"line":11,"column":null}},"3":{"start":{"line":12,"column":28},"end":{"line":12,"column":null}},"4":{"start":{"line":13,"column":36},"end":{"line":13,"column":null}},"5":{"start":{"line":14,"column":44},"end":{"line":14,"column":null}},"6":{"start":{"line":15,"column":30},"end":{"line":17,"column":null}},"7":{"start":{"line":16,"column":4},"end":{"line":16,"column":null}},"8":{"start":{"line":20,"column":2},"end":{"line":24,"column":null}},"9":{"start":{"line":21,"column":18},"end":{"line":21,"column":null}},"10":{"start":{"line":22,"column":4},"end":{"line":22,"column":null}},"11":{"start":{"line":23,"column":4},"end":{"line":23,"column":null}},"12":{"start":{"line":27,"column":22},"end":{"line":27,"column":null}},"13":{"start":{"line":28,"column":18},"end":{"line":28,"column":null}},"14":{"start":{"line":29,"column":8},"end":{"line":29,"column":null}},"15":{"start":{"line":30,"column":14},"end":{"line":30,"column":null}},"16":{"start":{"line":31,"column":25},"end":{"line":31,"column":null}},"17":{"start":{"line":34,"column":28},"end":{"line":34,"column":null}},"18":{"start":{"line":35,"column":21},"end":{"line":35,"column":null}},"19":{"start":{"line":36,"column":8},"end":{"line":36,"column":null}},"20":{"start":{"line":37,"column":17},"end":{"line":37,"column":null}},"21":{"start":{"line":38,"column":23},"end":{"line":38,"column":null}},"22":{"start":{"line":41,"column":2},"end":{"line":44,"column":null}},"23":{"start":{"line":42,"column":19},"end":{"line":42,"column":null}},"24":{"start":{"line":43,"column":4},"end":{"line":43,"column":null}},"25":{"start":{"line":43,"column":16},"end":{"line":43,"column":null}},"26":{"start":{"line":47,"column":2},"end":{"line":49,"column":null}},"27":{"start":{"line":48,"column":4},"end":{"line":48,"column":null}},"28":{"start":{"line":51,"column":8},"end":{"line":51,"column":null}},"29":{"start":{"line":54,"column":2},"end":{"line":71,"column":null}},"30":{"start":{"line":56,"column":4},"end":{"line":59,"column":null}},"31":{"start":{"line":57,"column":6},"end":{"line":57,"column":null}},"32":{"start":{"line":58,"column":6},"end":{"line":58,"column":null}},"33":{"start":{"line":61,"column":28},"end":{"line":68,"column":null}},"34":{"start":{"line":62,"column":6},"end":{"line":67,"column":null}},"35":{"start":{"line":63,"column":8},"end":{"line":63,"column":null}},"36":{"start":{"line":65,"column":8},"end":{"line":65,"column":null}},"37":{"start":{"line":66,"column":8},"end":{"line":66,"column":null}},"38":{"start":{"line":70,"column":4},"end":{"line":70,"column":null}},"39":{"start":{"line":70,"column":17},"end":{"line":70,"column":null}},"40":{"start":{"line":75,"column":4},"end":{"line":75,"column":null}},"41":{"start":{"line":75,"column":16},"end":{"line":75,"column":null}},"42":{"start":{"line":76,"column":4},"end":{"line":107,"column":null}},"43":{"start":{"line":77,"column":18},"end":{"line":81,"column":null}},"44":{"start":{"line":82,"column":19},"end":{"line":82,"column":null}},"45":{"start":{"line":84,"column":25},"end":{"line":89,"column":null}},"46":{"start":{"line":84,"column":54},"end":{"line":89,"column":8}},"47":{"start":{"line":92,"column":28},"end":{"line":92,"column":null}},"48":{"start":{"line":93,"column":19},"end":{"line":93,"column":null}},"49":{"start":{"line":95,"column":6},"end":{"line":101,"column":null}},"50":{"start":{"line":96,"column":20},"end":{"line":96,"column":null}},"51":{"start":{"line":97,"column":8},"end":{"line":100,"column":null}},"52":{"start":{"line":98,"column":10},"end":{"line":98,"column":null}},"53":{"start":{"line":99,"column":10},"end":{"line":99,"column":null}},"54":{"start":{"line":103,"column":6},"end":{"line":103,"column":null}},"55":{"start":{"line":104,"column":6},"end":{"line":104,"column":null}},"56":{"start":{"line":106,"column":6},"end":{"line":106,"column":null}},"57":{"start":{"line":112,"column":4},"end":{"line":112,"column":null}},"58":{"start":{"line":112,"column":35},"end":{"line":112,"column":null}},"59":{"start":{"line":113,"column":27},"end":{"line":113,"column":null}},"60":{"start":{"line":114,"column":4},"end":{"line":114,"column":null}},"61":{"start":{"line":114,"column":25},"end":{"line":114,"column":null}},"62":{"start":{"line":116,"column":16},"end":{"line":120,"column":null}},"63":{"start":{"line":122,"column":17},"end":{"line":122,"column":null}},"64":{"start":{"line":124,"column":20},"end":{"line":131,"column":null}},"65":{"start":{"line":124,"column":49},"end":{"line":131,"column":6}},"66":{"start":{"line":133,"column":4},"end":{"line":133,"column":null}},"67":{"start":{"line":134,"column":4},"end":{"line":134,"column":null}},"68":{"start":{"line":135,"column":4},"end":{"line":135,"column":null}},"69":{"start":{"line":140,"column":4},"end":{"line":143,"column":null}},"70":{"start":{"line":141,"column":8},"end":{"line":141,"column":null}},"71":{"start":{"line":142,"column":8},"end":{"line":142,"column":null}},"72":{"start":{"line":145,"column":4},"end":{"line":148,"column":null}},"73":{"start":{"line":146,"column":8},"end":{"line":146,"column":null}},"74":{"start":{"line":147,"column":8},"end":{"line":147,"column":null}},"75":{"start":{"line":151,"column":21},"end":{"line":153,"column":null}},"76":{"start":{"line":152,"column":28},"end":{"line":152,"column":63}},"77":{"start":{"line":155,"column":4},"end":{"line":155,"column":null}},"78":{"start":{"line":156,"column":4},"end":{"line":156,"column":null}},"79":{"start":{"line":160,"column":2},"end":{"line":165,"column":null}},"80":{"start":{"line":161,"column":4},"end":{"line":161,"column":null}},"81":{"start":{"line":162,"column":4},"end":{"line":164,"column":null}},"82":{"start":{"line":163,"column":6},"end":{"line":163,"column":null}},"83":{"start":{"line":168,"column":17},"end":{"line":168,"column":null}},"84":{"start":{"line":169,"column":16},"end":{"line":171,"column":null}},"85":{"start":{"line":172,"column":17},"end":{"line":172,"column":null}},"86":{"start":{"line":173,"column":18},"end":{"line":173,"column":null}},"87":{"start":{"line":174,"column":4},"end":{"line":174,"column":null}},"88":{"start":{"line":174,"column":16},"end":{"line":174,"column":null}},"89":{"start":{"line":176,"column":4},"end":{"line":183,"column":null}},"90":{"start":{"line":188,"column":19},"end":{"line":188,"column":null}},"91":{"start":{"line":188,"column":41},"end":{"line":188,"column":57}},"92":{"start":{"line":189,"column":4},"end":{"line":196,"column":null}},"93":{"start":{"line":190,"column":6},"end":{"line":190,"column":null}},"94":{"start":{"line":191,"column":6},"end":{"line":191,"column":null}},"95":{"start":{"line":191,"column":43},"end":{"line":191,"column":59}},"96":{"start":{"line":193,"column":6},"end":{"line":193,"column":null}},"97":{"start":{"line":194,"column":6},"end":{"line":194,"column":null}},"98":{"start":{"line":195,"column":6},"end":{"line":195,"column":null}},"99":{"start":{"line":200,"column":36},"end":{"line":200,"column":null}},"100":{"start":{"line":205,"column":23},"end":{"line":205,"column":null}},"101":{"start":{"line":206,"column":23},"end":{"line":206,"column":null}},"102":{"start":{"line":207,"column":4},"end":{"line":211,"column":null}},"103":{"start":{"line":208,"column":6},"end":{"line":208,"column":null}},"104":{"start":{"line":210,"column":6},"end":{"line":210,"column":null}},"105":{"start":{"line":215,"column":2},"end":{"line":220,"column":null}},"106":{"start":{"line":216,"column":4},"end":{"line":216,"column":null}},"107":{"start":{"line":217,"column":4},"end":{"line":219,"column":null}},"108":{"start":{"line":218,"column":6},"end":{"line":218,"column":null}},"109":{"start":{"line":223,"column":29},"end":{"line":233,"column":null}},"110":{"start":{"line":224,"column":19},"end":{"line":224,"column":null}},"111":{"start":{"line":225,"column":20},"end":{"line":227,"column":null}},"112":{"start":{"line":230,"column":4},"end":{"line":232,"column":null}},"113":{"start":{"line":235,"column":2},"end":{"line":428,"column":null}},"114":{"start":{"line":251,"column":31},"end":{"line":251,"column":null}},"115":{"start":{"line":253,"column":16},"end":{"line":256,"column":null}},"116":{"start":{"line":254,"column":19},"end":{"line":254,"column":null}},"117":{"start":{"line":255,"column":19},"end":{"line":255,"column":null}},"118":{"start":{"line":259,"column":16},"end":{"line":259,"column":null}},"119":{"start":{"line":259,"column":46},"end":{"line":259,"column":null}},"120":{"start":{"line":261,"column":28},"end":{"line":261,"column":null}},"121":{"start":{"line":261,"column":45},"end":{"line":261,"column":72}},"122":{"start":{"line":266,"column":33},"end":{"line":266,"column":48}},"123":{"start":{"line":266,"column":48},"end":{"line":266,"column":62}},"124":{"start":{"line":275,"column":18},"end":{"line":289,"column":null}},"125":{"start":{"line":278,"column":22},"end":{"line":278,"column":null}},"126":{"start":{"line":279,"column":22},"end":{"line":279,"column":null}},"127":{"start":{"line":280,"column":22},"end":{"line":280,"column":null}},"128":{"start":{"line":281,"column":22},"end":{"line":281,"column":null}},"129":{"start":{"line":294,"column":35},"end":{"line":294,"column":55}},"130":{"start":{"line":294,"column":55},"end":{"line":294,"column":82}},"131":{"start":{"line":301,"column":32},"end":{"line":301,"column":null}},"132":{"start":{"line":320,"column":16},"end":{"line":324,"column":null}},"133":{"start":{"line":330,"column":32},"end":{"line":330,"column":null}},"134":{"start":{"line":330,"column":54},"end":{"line":330,"column":70}},"135":{"start":{"line":331,"column":18},"end":{"line":353,"column":null}},"136":{"start":{"line":340,"column":39},"end":{"line":340,"column":null}},"137":{"start":{"line":364,"column":59},"end":{"line":364,"column":78}},"138":{"start":{"line":372,"column":31},"end":{"line":372,"column":null}},"139":{"start":{"line":386,"column":14},"end":{"line":399,"column":null}},"140":{"start":{"line":393,"column":35},"end":{"line":393,"column":null}},"141":{"start":{"line":408,"column":31},"end":{"line":408,"column":null}},"142":{"start":{"line":417,"column":31},"end":{"line":417,"column":null}}},"fnMap":{"0":{"name":"App","decl":{"start":{"line":7,"column":24},"end":{"line":7,"column":30}},"loc":{"start":{"line":7,"column":30},"end":{"line":430,"column":null}},"line":7},"1":{"name":"(anonymous_1)","decl":{"start":{"line":15,"column":43},"end":{"line":15,"column":49}},"loc":{"start":{"line":15,"column":49},"end":{"line":17,"column":3}},"line":15},"2":{"name":"(anonymous_2)","decl":{"start":{"line":20,"column":12},"end":{"line":20,"column":18}},"loc":{"start":{"line":20,"column":18},"end":{"line":24,"column":5}},"line":20},"3":{"name":"(anonymous_3)","decl":{"start":{"line":41,"column":12},"end":{"line":41,"column":18}},"loc":{"start":{"line":41,"column":18},"end":{"line":44,"column":5}},"line":41},"4":{"name":"(anonymous_4)","decl":{"start":{"line":47,"column":12},"end":{"line":47,"column":18}},"loc":{"start":{"line":47,"column":18},"end":{"line":49,"column":5}},"line":47},"5":{"name":"(anonymous_5)","decl":{"start":{"line":54,"column":12},"end":{"line":54,"column":18}},"loc":{"start":{"line":54,"column":18},"end":{"line":71,"column":5}},"line":54},"6":{"name":"(anonymous_6)","decl":{"start":{"line":61,"column":39},"end":{"line":61,"column":45}},"loc":{"start":{"line":61,"column":45},"end":{"line":68,"column":7}},"line":61},"7":{"name":"(anonymous_7)","decl":{"start":{"line":70,"column":11},"end":{"line":70,"column":17}},"loc":{"start":{"line":70,"column":17},"end":{"line":70,"column":null}},"line":70},"8":{"name":"fetchSuggestions","decl":{"start":{"line":74,"column":17},"end":{"line":74,"column":34}},"loc":{"start":{"line":74,"column":41},"end":{"line":108,"column":null}},"line":74},"9":{"name":"(anonymous_9)","decl":{"start":{"line":84,"column":42},"end":{"line":84,"column":43}},"loc":{"start":{"line":84,"column":54},"end":{"line":89,"column":8}},"line":84},"10":{"name":"fetchSongs","decl":{"start":{"line":111,"column":17},"end":{"line":111,"column":28}},"loc":{"start":{"line":111,"column":35},"end":{"line":136,"column":null}},"line":111},"11":{"name":"(anonymous_11)","decl":{"start":{"line":124,"column":37},"end":{"line":124,"column":38}},"loc":{"start":{"line":124,"column":49},"end":{"line":131,"column":6}},"line":124},"12":{"name":"handleAgentSongs","decl":{"start":{"line":139,"column":17},"end":{"line":139,"column":34}},"loc":{"start":{"line":139,"column":46},"end":{"line":157,"column":null}},"line":139},"13":{"name":"(anonymous_13)","decl":{"start":{"line":152,"column":21},"end":{"line":152,"column":22}},"loc":{"start":{"line":152,"column":28},"end":{"line":152,"column":63}},"line":152},"14":{"name":"(anonymous_14)","decl":{"start":{"line":160,"column":12},"end":{"line":160,"column":18}},"loc":{"start":{"line":160,"column":18},"end":{"line":165,"column":5}},"line":160},"15":{"name":"(anonymous_15)","decl":{"start":{"line":162,"column":11},"end":{"line":162,"column":17}},"loc":{"start":{"line":162,"column":17},"end":{"line":164,"column":null}},"line":162},"16":{"name":"fetchItunesTrack","decl":{"start":{"line":167,"column":17},"end":{"line":167,"column":34}},"loc":{"start":{"line":167,"column":49},"end":{"line":184,"column":null}},"line":167},"17":{"name":"toggleFavorite","decl":{"start":{"line":187,"column":11},"end":{"line":187,"column":26}},"loc":{"start":{"line":187,"column":32},"end":{"line":197,"column":null}},"line":187},"18":{"name":"(anonymous_18)","decl":{"start":{"line":188,"column":34},"end":{"line":188,"column":35}},"loc":{"start":{"line":188,"column":41},"end":{"line":188,"column":57}},"line":188},"19":{"name":"(anonymous_19)","decl":{"start":{"line":191,"column":36},"end":{"line":191,"column":37}},"loc":{"start":{"line":191,"column":43},"end":{"line":191,"column":59}},"line":191},"20":{"name":"handleMoodChange","decl":{"start":{"line":203,"column":11},"end":{"line":203,"column":28}},"loc":{"start":{"line":203,"column":34},"end":{"line":212,"column":null}},"line":203},"21":{"name":"(anonymous_21)","decl":{"start":{"line":215,"column":12},"end":{"line":215,"column":18}},"loc":{"start":{"line":215,"column":18},"end":{"line":220,"column":5}},"line":215},"22":{"name":"(anonymous_22)","decl":{"start":{"line":217,"column":11},"end":{"line":217,"column":17}},"loc":{"start":{"line":217,"column":17},"end":{"line":219,"column":null}},"line":217},"23":{"name":"(anonymous_23)","decl":{"start":{"line":223,"column":29},"end":{"line":223,"column":35}},"loc":{"start":{"line":223,"column":35},"end":{"line":233,"column":null}},"line":223},"24":{"name":"(anonymous_24)","decl":{"start":{"line":251,"column":24},"end":{"line":251,"column":25}},"loc":{"start":{"line":251,"column":31},"end":{"line":251,"column":null}},"line":251},"25":{"name":"(anonymous_25)","decl":{"start":{"line":252,"column":25},"end":{"line":252,"column":26}},"loc":{"start":{"line":252,"column":32},"end":{"line":257,"column":null}},"line":252},"26":{"name":"(anonymous_26)","decl":{"start":{"line":258,"column":23},"end":{"line":258,"column":29}},"loc":{"start":{"line":258,"column":29},"end":{"line":260,"column":null}},"line":258},"27":{"name":"(anonymous_27)","decl":{"start":{"line":261,"column":22},"end":{"line":261,"column":28}},"loc":{"start":{"line":261,"column":28},"end":{"line":261,"column":null}},"line":261},"28":{"name":"(anonymous_28)","decl":{"start":{"line":261,"column":39},"end":{"line":261,"column":45}},"loc":{"start":{"line":261,"column":45},"end":{"line":261,"column":72}},"line":261},"29":{"name":"(anonymous_29)","decl":{"start":{"line":266,"column":25},"end":{"line":266,"column":31}},"loc":{"start":{"line":266,"column":31},"end":{"line":266,"column":null}},"line":266},"30":{"name":"(anonymous_30)","decl":{"start":{"line":274,"column":33},"end":{"line":274,"column":34}},"loc":{"start":{"line":275,"column":18},"end":{"line":289,"column":null}},"line":275},"31":{"name":"(anonymous_31)","decl":{"start":{"line":277,"column":29},"end":{"line":277,"column":35}},"loc":{"start":{"line":277,"column":35},"end":{"line":282,"column":null}},"line":277},"32":{"name":"(anonymous_32)","decl":{"start":{"line":294,"column":27},"end":{"line":294,"column":33}},"loc":{"start":{"line":294,"column":33},"end":{"line":294,"column":85}},"line":294},"33":{"name":"(anonymous_33)","decl":{"start":{"line":301,"column":26},"end":{"line":301,"column":32}},"loc":{"start":{"line":301,"column":32},"end":{"line":301,"column":null}},"line":301},"34":{"name":"(anonymous_34)","decl":{"start":{"line":319,"column":44},"end":{"line":319,"column":45}},"loc":{"start":{"line":320,"column":16},"end":{"line":324,"column":null}},"line":320},"35":{"name":"(anonymous_35)","decl":{"start":{"line":329,"column":36},"end":{"line":329,"column":37}},"loc":{"start":{"line":329,"column":46},"end":{"line":355,"column":17}},"line":329},"36":{"name":"(anonymous_36)","decl":{"start":{"line":330,"column":47},"end":{"line":330,"column":48}},"loc":{"start":{"line":330,"column":54},"end":{"line":330,"column":70}},"line":330},"37":{"name":"(anonymous_37)","decl":{"start":{"line":340,"column":33},"end":{"line":340,"column":39}},"loc":{"start":{"line":340,"column":39},"end":{"line":340,"column":null}},"line":340},"38":{"name":"(anonymous_38)","decl":{"start":{"line":364,"column":53},"end":{"line":364,"column":59}},"loc":{"start":{"line":364,"column":59},"end":{"line":364,"column":78}},"line":364},"39":{"name":"(anonymous_39)","decl":{"start":{"line":372,"column":25},"end":{"line":372,"column":31}},"loc":{"start":{"line":372,"column":31},"end":{"line":372,"column":null}},"line":372},"40":{"name":"(anonymous_40)","decl":{"start":{"line":385,"column":30},"end":{"line":385,"column":31}},"loc":{"start":{"line":386,"column":14},"end":{"line":399,"column":null}},"line":386},"41":{"name":"(anonymous_41)","decl":{"start":{"line":393,"column":29},"end":{"line":393,"column":35}},"loc":{"start":{"line":393,"column":35},"end":{"line":393,"column":null}},"line":393},"42":{"name":"(anonymous_42)","decl":{"start":{"line":408,"column":25},"end":{"line":408,"column":31}},"loc":{"start":{"line":408,"column":31},"end":{"line":408,"column":null}},"line":408},"43":{"name":"(anonymous_43)","decl":{"start":{"line":417,"column":25},"end":{"line":417,"column":31}},"loc":{"start":{"line":417,"column":31},"end":{"line":417,"column":null}},"line":417}},"branchMap":{"0":{"loc":{"start":{"line":21,"column":18},"end":{"line":21,"column":null}},"type":"cond-expr","locations":[{"start":{"line":21,"column":29},"end":{"line":21,"column":38}},{"start":{"line":21,"column":38},"end":{"line":21,"column":null}}],"line":21},"1":{"loc":{"start":{"line":43,"column":4},"end":{"line":43,"column":null}},"type":"if","locations":[{"start":{"line":43,"column":4},"end":{"line":43,"column":null}},{"start":{},"end":{}}],"line":43},"2":{"loc":{"start":{"line":56,"column":4},"end":{"line":59,"column":null}},"type":"if","locations":[{"start":{"line":56,"column":4},"end":{"line":59,"column":null}},{"start":{},"end":{}}],"line":56},"3":{"loc":{"start":{"line":62,"column":6},"end":{"line":67,"column":null}},"type":"if","locations":[{"start":{"line":62,"column":6},"end":{"line":67,"column":null}},{"start":{"line":64,"column":13},"end":{"line":67,"column":null}}],"line":62},"4":{"loc":{"start":{"line":75,"column":4},"end":{"line":75,"column":null}},"type":"if","locations":[{"start":{"line":75,"column":4},"end":{"line":75,"column":null}},{"start":{},"end":{}}],"line":75},"5":{"loc":{"start":{"line":97,"column":8},"end":{"line":100,"column":null}},"type":"if","locations":[{"start":{"line":97,"column":8},"end":{"line":100,"column":null}},{"start":{},"end":{}}],"line":97},"6":{"loc":{"start":{"line":112,"column":4},"end":{"line":112,"column":null}},"type":"if","locations":[{"start":{"line":112,"column":4},"end":{"line":112,"column":null}},{"start":{},"end":{}}],"line":112},"7":{"loc":{"start":{"line":114,"column":4},"end":{"line":114,"column":null}},"type":"if","locations":[{"start":{"line":114,"column":4},"end":{"line":114,"column":null}},{"start":{},"end":{}}],"line":114},"8":{"loc":{"start":{"line":128,"column":13},"end":{"line":128,"column":null}},"type":"binary-expr","locations":[{"start":{"line":128,"column":13},"end":{"line":128,"column":39}},{"start":{"line":128,"column":39},"end":{"line":128,"column":null}}],"line":128},"9":{"loc":{"start":{"line":140,"column":4},"end":{"line":143,"column":null}},"type":"if","locations":[{"start":{"line":140,"column":4},"end":{"line":143,"column":null}},{"start":{},"end":{}}],"line":140},"10":{"loc":{"start":{"line":145,"column":4},"end":{"line":148,"column":null}},"type":"if","locations":[{"start":{"line":145,"column":4},"end":{"line":148,"column":null}},{"start":{},"end":{}}],"line":145},"11":{"loc":{"start":{"line":174,"column":4},"end":{"line":174,"column":null}},"type":"if","locations":[{"start":{"line":174,"column":4},"end":{"line":174,"column":null}},{"start":{},"end":{}}],"line":174},"12":{"loc":{"start":{"line":180,"column":13},"end":{"line":180,"column":null}},"type":"binary-expr","locations":[{"start":{"line":180,"column":13},"end":{"line":180,"column":39}},{"start":{"line":180,"column":39},"end":{"line":180,"column":null}}],"line":180},"13":{"loc":{"start":{"line":189,"column":4},"end":{"line":196,"column":null}},"type":"if","locations":[{"start":{"line":189,"column":4},"end":{"line":196,"column":null}},{"start":{"line":192,"column":11},"end":{"line":196,"column":null}}],"line":189},"14":{"loc":{"start":{"line":207,"column":4},"end":{"line":211,"column":null}},"type":"if","locations":[{"start":{"line":207,"column":4},"end":{"line":211,"column":null}},{"start":{"line":209,"column":11},"end":{"line":211,"column":null}}],"line":207},"15":{"loc":{"start":{"line":225,"column":20},"end":{"line":227,"column":null}},"type":"cond-expr","locations":[{"start":{"line":226,"column":8},"end":{"line":226,"column":null}},{"start":{"line":227,"column":8},"end":{"line":227,"column":null}}],"line":225},"16":{"loc":{"start":{"line":230,"column":11},"end":{"line":232,"column":null}},"type":"cond-expr","locations":[{"start":{"line":231,"column":8},"end":{"line":231,"column":null}},{"start":{"line":232,"column":8},"end":{"line":232,"column":null}}],"line":230},"17":{"loc":{"start":{"line":253,"column":16},"end":{"line":256,"column":null}},"type":"if","locations":[{"start":{"line":253,"column":16},"end":{"line":256,"column":null}},{"start":{},"end":{}}],"line":253},"18":{"loc":{"start":{"line":259,"column":16},"end":{"line":259,"column":null}},"type":"if","locations":[{"start":{"line":259,"column":16},"end":{"line":259,"column":null}},{"start":{},"end":{}}],"line":259},"19":{"loc":{"start":{"line":263,"column":13},"end":{"line":270,"column":null}},"type":"binary-expr","locations":[{"start":{"line":263,"column":13},"end":{"line":263,"column":null}},{"start":{"line":264,"column":14},"end":{"line":270,"column":null}}],"line":263},"20":{"loc":{"start":{"line":272,"column":13},"end":{"line":291,"column":null}},"type":"binary-expr","locations":[{"start":{"line":272,"column":13},"end":{"line":272,"column":32}},{"start":{"line":272,"column":32},"end":{"line":272,"column":null}},{"start":{"line":273,"column":14},"end":{"line":291,"column":null}}],"line":272},"21":{"loc":{"start":{"line":317,"column":13},"end":{"line":356,"column":null}},"type":"cond-expr","locations":[{"start":{"line":319,"column":14},"end":{"line":325,"column":null}},{"start":{"line":327,"column":16},"end":{"line":356,"column":null}}],"line":317},"22":{"loc":{"start":{"line":328,"column":17},"end":{"line":328,"column":null}},"type":"binary-expr","locations":[{"start":{"line":328,"column":17},"end":{"line":328,"column":48}},{"start":{"line":328,"column":48},"end":{"line":328,"column":null}}],"line":328},"23":{"loc":{"start":{"line":337,"column":23},"end":{"line":337,"column":null}},"type":"binary-expr","locations":[{"start":{"line":337,"column":23},"end":{"line":337,"column":39}},{"start":{"line":337,"column":39},"end":{"line":337,"column":null}}],"line":337},"24":{"loc":{"start":{"line":339,"column":51},"end":{"line":339,"column":72}},"type":"cond-expr","locations":[{"start":{"line":339,"column":59},"end":{"line":339,"column":70}},{"start":{"line":339,"column":70},"end":{"line":339,"column":72}}],"line":339},"25":{"loc":{"start":{"line":341,"column":36},"end":{"line":341,"column":null}},"type":"cond-expr","locations":[{"start":{"line":341,"column":44},"end":{"line":341,"column":84}},{"start":{"line":341,"column":84},"end":{"line":341,"column":null}}],"line":341},"26":{"loc":{"start":{"line":351,"column":25},"end":{"line":351,"column":null}},"type":"cond-expr","locations":[{"start":{"line":351,"column":33},"end":{"line":351,"column":40}},{"start":{"line":351,"column":40},"end":{"line":351,"column":null}}],"line":351},"27":{"loc":{"start":{"line":362,"column":11},"end":{"line":376,"column":null}},"type":"binary-expr","locations":[{"start":{"line":362,"column":11},"end":{"line":362,"column":null}},{"start":{"line":363,"column":12},"end":{"line":376,"column":null}}],"line":362},"28":{"loc":{"start":{"line":383,"column":11},"end":{"line":383,"column":null}},"type":"binary-expr","locations":[{"start":{"line":383,"column":11},"end":{"line":383,"column":37}},{"start":{"line":383,"column":37},"end":{"line":383,"column":null}}],"line":383},"29":{"loc":{"start":{"line":390,"column":17},"end":{"line":390,"column":null}},"type":"binary-expr","locations":[{"start":{"line":390,"column":17},"end":{"line":390,"column":33}},{"start":{"line":390,"column":33},"end":{"line":390,"column":null}}],"line":390},"30":{"loc":{"start":{"line":404,"column":11},"end":{"line":421,"column":null}},"type":"binary-expr","locations":[{"start":{"line":404,"column":11},"end":{"line":404,"column":null}},{"start":{"line":405,"column":12},"end":{"line":421,"column":null}}],"line":404}},"s":{"0":44,"1":44,"2":44,"3":44,"4":44,"5":44,"6":44,"7":12,"8":44,"9":14,"10":14,"11":14,"12":44,"13":44,"14":44,"15":44,"16":44,"17":44,"18":44,"19":44,"20":44,"21":44,"22":44,"23":12,"24":12,"25":1,"26":44,"27":15,"28":44,"29":44,"30":22,"31":1,"32":1,"33":21,"34":1,"35":1,"36":0,"37":0,"38":21,"39":21,"40":1,"41":0,"42":1,"43":1,"44":1,"45":1,"46":1,"47":1,"48":1,"49":1,"50":1,"51":1,"52":1,"53":1,"54":1,"55":1,"56":0,"57":8,"58":0,"59":8,"60":8,"61":0,"62":8,"63":8,"64":8,"65":19,"66":8,"67":8,"68":8,"69":2,"70":1,"71":1,"72":1,"73":0,"74":0,"75":1,"76":1,"77":1,"78":1,"79":44,"80":12,"81":12,"82":12,"83":1,"84":1,"85":1,"86":1,"87":1,"88":0,"89":1,"90":2,"91":1,"92":2,"93":1,"94":1,"95":1,"96":1,"97":1,"98":1,"99":44,"100":0,"101":0,"102":0,"103":0,"104":0,"105":44,"106":12,"107":12,"108":12,"109":44,"110":44,"111":44,"112":44,"113":44,"114":8,"115":0,"116":0,"117":0,"118":1,"119":0,"120":0,"121":0,"122":1,"123":1,"124":1,"125":1,"126":1,"127":1,"128":1,"129":6,"130":6,"131":2,"132":0,"133":22,"134":1,"135":22,"136":1,"137":0,"138":1,"139":1,"140":1,"141":0,"142":0},"f":{"0":44,"1":12,"2":14,"3":12,"4":15,"5":22,"6":1,"7":21,"8":1,"9":1,"10":8,"11":19,"12":2,"13":1,"14":12,"15":12,"16":1,"17":2,"18":1,"19":1,"20":0,"21":12,"22":12,"23":44,"24":8,"25":0,"26":1,"27":0,"28":0,"29":1,"30":1,"31":1,"32":6,"33":2,"34":0,"35":22,"36":1,"37":1,"38":0,"39":1,"40":1,"41":1,"42":0,"43":0},"b":{"0":[1,13],"1":[1,11],"2":[1,21],"3":[1,0],"4":[0,1],"5":[1,0],"6":[0,8],"7":[0,8],"8":[19,3],"9":[1,1],"10":[0,1],"11":[0,1],"12":[1,1],"13":[1,1],"14":[0,0],"15":[1,43],"16":[44,0],"17":[0,0],"18":[0,1],"19":[44,26],"20":[44,1,1],"21":[0,44],"22":[44,35],"23":[22,1],"24":[1,21],"25":[1,21],"26":[1,21],"27":[44,2],"28":[44,43],"29":[1,0],"30":[44,0]},"meta":{"lastBranch":31,"lastFunction":44,"lastStatement":143,"seen":{"f:7:24:7:30":0,"s:8:24:8:Infinity":0,"s:9:32:9:Infinity":1,"s:11:26:11:Infinity":2,"s:12:28:12:Infinity":3,"s:13:36:13:Infinity":4,"s:14:44:14:Infinity":5,"s:15:30:17:Infinity":6,"f:15:43:15:49":1,"s:16:4:16:Infinity":7,"s:20:2:24:Infinity":8,"f:20:12:20:18":2,"s:21:18:21:Infinity":9,"b:21:29:21:38:21:38:21:Infinity":0,"s:22:4:22:Infinity":10,"s:23:4:23:Infinity":11,"s:27:22:27:Infinity":12,"s:28:18:28:Infinity":13,"s:29:8:29:Infinity":14,"s:30:14:30:Infinity":15,"s:31:25:31:Infinity":16,"s:34:28:34:Infinity":17,"s:35:21:35:Infinity":18,"s:36:8:36:Infinity":19,"s:37:17:37:Infinity":20,"s:38:23:38:Infinity":21,"s:41:2:44:Infinity":22,"f:41:12:41:18":3,"s:42:19:42:Infinity":23,"b:43:4:43:Infinity:undefined:undefined:undefined:undefined":1,"s:43:4:43:Infinity":24,"s:43:16:43:Infinity":25,"s:47:2:49:Infinity":26,"f:47:12:47:18":4,"s:48:4:48:Infinity":27,"s:51:8:51:Infinity":28,"s:54:2:71:Infinity":29,"f:54:12:54:18":5,"b:56:4:59:Infinity:undefined:undefined:undefined:undefined":2,"s:56:4:59:Infinity":30,"s:57:6:57:Infinity":31,"s:58:6:58:Infinity":32,"s:61:28:68:Infinity":33,"f:61:39:61:45":6,"b:62:6:67:Infinity:64:13:67:Infinity":3,"s:62:6:67:Infinity":34,"s:63:8:63:Infinity":35,"s:65:8:65:Infinity":36,"s:66:8:66:Infinity":37,"s:70:4:70:Infinity":38,"f:70:11:70:17":7,"s:70:17:70:Infinity":39,"f:74:17:74:34":8,"b:75:4:75:Infinity:undefined:undefined:undefined:undefined":4,"s:75:4:75:Infinity":40,"s:75:16:75:Infinity":41,"s:76:4:107:Infinity":42,"s:77:18:81:Infinity":43,"s:82:19:82:Infinity":44,"s:84:25:89:Infinity":45,"f:84:42:84:43":9,"s:84:54:89:8":46,"s:92:28:92:Infinity":47,"s:93:19:93:Infinity":48,"s:95:6:101:Infinity":49,"s:96:20:96:Infinity":50,"b:97:8:100:Infinity:undefined:undefined:undefined:undefined":5,"s:97:8:100:Infinity":51,"s:98:10:98:Infinity":52,"s:99:10:99:Infinity":53,"s:103:6:103:Infinity":54,"s:104:6:104:Infinity":55,"s:106:6:106:Infinity":56,"f:111:17:111:28":10,"b:112:4:112:Infinity:undefined:undefined:undefined:undefined":6,"s:112:4:112:Infinity":57,"s:112:35:112:Infinity":58,"s:113:27:113:Infinity":59,"b:114:4:114:Infinity:undefined:undefined:undefined:undefined":7,"s:114:4:114:Infinity":60,"s:114:25:114:Infinity":61,"s:116:16:120:Infinity":62,"s:122:17:122:Infinity":63,"s:124:20:131:Infinity":64,"f:124:37:124:38":11,"s:124:49:131:6":65,"b:128:13:128:39:128:39:128:Infinity":8,"s:133:4:133:Infinity":66,"s:134:4:134:Infinity":67,"s:135:4:135:Infinity":68,"f:139:17:139:34":12,"b:140:4:143:Infinity:undefined:undefined:undefined:undefined":9,"s:140:4:143:Infinity":69,"s:141:8:141:Infinity":70,"s:142:8:142:Infinity":71,"b:145:4:148:Infinity:undefined:undefined:undefined:undefined":10,"s:145:4:148:Infinity":72,"s:146:8:146:Infinity":73,"s:147:8:147:Infinity":74,"s:151:21:153:Infinity":75,"f:152:21:152:22":13,"s:152:28:152:63":76,"s:155:4:155:Infinity":77,"s:156:4:156:Infinity":78,"s:160:2:165:Infinity":79,"f:160:12:160:18":14,"s:161:4:161:Infinity":80,"s:162:4:164:Infinity":81,"f:162:11:162:17":15,"s:163:6:163:Infinity":82,"f:167:17:167:34":16,"s:168:17:168:Infinity":83,"s:169:16:171:Infinity":84,"s:172:17:172:Infinity":85,"s:173:18:173:Infinity":86,"b:174:4:174:Infinity:undefined:undefined:undefined:undefined":11,"s:174:4:174:Infinity":87,"s:174:16:174:Infinity":88,"s:176:4:183:Infinity":89,"b:180:13:180:39:180:39:180:Infinity":12,"f:187:11:187:26":17,"s:188:19:188:Infinity":90,"f:188:34:188:35":18,"s:188:41:188:57":91,"b:189:4:196:Infinity:192:11:196:Infinity":13,"s:189:4:196:Infinity":92,"s:190:6:190:Infinity":93,"s:191:6:191:Infinity":94,"f:191:36:191:37":19,"s:191:43:191:59":95,"s:193:6:193:Infinity":96,"s:194:6:194:Infinity":97,"s:195:6:195:Infinity":98,"s:200:36:200:Infinity":99,"f:203:11:203:28":20,"s:205:23:205:Infinity":100,"s:206:23:206:Infinity":101,"b:207:4:211:Infinity:209:11:211:Infinity":14,"s:207:4:211:Infinity":102,"s:208:6:208:Infinity":103,"s:210:6:210:Infinity":104,"s:215:2:220:Infinity":105,"f:215:12:215:18":21,"s:216:4:216:Infinity":106,"s:217:4:219:Infinity":107,"f:217:11:217:17":22,"s:218:6:218:Infinity":108,"s:223:29:233:Infinity":109,"f:223:29:223:35":23,"s:224:19:224:Infinity":110,"s:225:20:227:Infinity":111,"b:226:8:226:Infinity:227:8:227:Infinity":15,"s:230:4:232:Infinity":112,"b:231:8:231:Infinity:232:8:232:Infinity":16,"s:235:2:428:Infinity":113,"f:251:24:251:25":24,"s:251:31:251:Infinity":114,"f:252:25:252:26":25,"b:253:16:256:Infinity:undefined:undefined:undefined:undefined":17,"s:253:16:256:Infinity":115,"s:254:19:254:Infinity":116,"s:255:19:255:Infinity":117,"f:258:23:258:29":26,"b:259:16:259:Infinity:undefined:undefined:undefined:undefined":18,"s:259:16:259:Infinity":118,"s:259:46:259:Infinity":119,"f:261:22:261:28":27,"s:261:28:261:Infinity":120,"f:261:39:261:45":28,"s:261:45:261:72":121,"b:263:13:263:Infinity:264:14:270:Infinity":19,"f:266:25:266:31":29,"s:266:33:266:48":122,"s:266:48:266:62":123,"b:272:13:272:32:272:32:272:Infinity:273:14:291:Infinity":20,"f:274:33:274:34":30,"s:275:18:289:Infinity":124,"f:277:29:277:35":31,"s:278:22:278:Infinity":125,"s:279:22:279:Infinity":126,"s:280:22:280:Infinity":127,"s:281:22:281:Infinity":128,"f:294:27:294:33":32,"s:294:35:294:55":129,"s:294:55:294:82":130,"f:301:26:301:32":33,"s:301:32:301:Infinity":131,"b:319:14:325:Infinity:327:16:356:Infinity":21,"f:319:44:319:45":34,"s:320:16:324:Infinity":132,"b:328:17:328:48:328:48:328:Infinity":22,"f:329:36:329:37":35,"s:330:32:330:Infinity":133,"f:330:47:330:48":36,"s:330:54:330:70":134,"s:331:18:353:Infinity":135,"b:337:23:337:39:337:39:337:Infinity":23,"b:339:59:339:70:339:70:339:72":24,"f:340:33:340:39":37,"s:340:39:340:Infinity":136,"b:341:44:341:84:341:84:341:Infinity":25,"b:351:33:351:40:351:40:351:Infinity":26,"b:362:11:362:Infinity:363:12:376:Infinity":27,"f:364:53:364:59":38,"s:364:59:364:78":137,"f:372:25:372:31":39,"s:372:31:372:Infinity":138,"b:383:11:383:37:383:37:383:Infinity":28,"f:385:30:385:31":40,"s:386:14:399:Infinity":139,"b:390:17:390:33:390:33:390:Infinity":29,"f:393:29:393:35":41,"s:393:35:393:Infinity":140,"b:404:11:404:Infinity:405:12:421:Infinity":30,"f:408:25:408:31":42,"s:408:31:408:Infinity":141,"f:417:25:417:31":43,"s:417:31:417:Infinity":142}}}
,"/Users/elena/MoodTunes/src/components/Favorites.jsx": {"path":"/Users/elena/MoodTunes/src/components/Favorites.jsx","statementMap":{"0":{"start":{"line":2,"column":25},"end":{"line":4,"column":null}},"1":{"start":{"line":3,"column":4},"end":{"line":3,"column":null}},"2":{"start":{"line":3,"column":41},"end":{"line":3,"column":58}},"3":{"start":{"line":6,"column":2},"end":{"line":18,"column":null}},"4":{"start":{"line":12,"column":10},"end":{"line":15,"column":null}},"5":{"start":{"line":14,"column":35},"end":{"line":14,"column":60}}},"fnMap":{"0":{"name":"Favorites","decl":{"start":{"line":1,"column":9},"end":{"line":1,"column":19}},"loc":{"start":{"line":1,"column":48},"end":{"line":20,"column":null}},"line":1},"1":{"name":"(anonymous_1)","decl":{"start":{"line":2,"column":25},"end":{"line":2,"column":26}},"loc":{"start":{"line":2,"column":36},"end":{"line":4,"column":null}},"line":2},"2":{"name":"(anonymous_2)","decl":{"start":{"line":3,"column":34},"end":{"line":3,"column":35}},"loc":{"start":{"line":3,"column":41},"end":{"line":3,"column":58}},"line":3},"3":{"name":"(anonymous_3)","decl":{"start":{"line":11,"column":23},"end":{"line":11,"column":24}},"loc":{"start":{"line":12,"column":10},"end":{"line":15,"column":null}},"line":12},"4":{"name":"(anonymous_4)","decl":{"start":{"line":14,"column":29},"end":{"line":14,"column":35}},"loc":{"start":{"line":14,"column":35},"end":{"line":14,"column":60}},"line":14}},"branchMap":{"0":{"loc":{"start":{"line":9,"column":7},"end":{"line":9,"column":null}},"type":"binary-expr","locations":[{"start":{"line":9,"column":7},"end":{"line":9,"column":33}},{"start":{"line":9,"column":33},"end":{"line":9,"column":null}}],"line":9}},"s":{"0":3,"1":1,"2":1,"3":3,"4":2,"5":1},"f":{"0":3,"1":1,"2":1,"3":2,"4":1},"b":{"0":[3,1]},"meta":{"lastBranch":1,"lastFunction":5,"lastStatement":6,"seen":{"f:1:9:1:19":0,"s:2:25:4:Infinity":0,"f:2:25:2:26":1,"s:3:4:3:Infinity":1,"f:3:34:3:35":2,"s:3:41:3:58":2,"s:6:2:18:Infinity":3,"b:9:7:9:33:9:33:9:Infinity":0,"f:11:23:11:24":3,"s:12:10:15:Infinity":4,"f:14:29:14:35":4,"s:14:35:14:60":5}}}
,"/Users/elena/MoodTunes/src/components/SearchBar.jsx": {"path":"/Users/elena/MoodTunes/src/components/SearchBar.jsx","statementMap":{"0":{"start":{"line":4,"column":23},"end":{"line":21,"column":null}},"1":{"start":{"line":5,"column":4},"end":{"line":5,"column":null}},"2":{"start":{"line":6,"column":21},"end":{"line":6,"column":null}},"3":{"start":{"line":7,"column":23},"end":{"line":7,"column":null}},"4":{"start":{"line":10,"column":20},"end":{"line":13,"column":null}},"5":{"start":{"line":12,"column":18},"end":{"line":12,"column":26}},"6":{"start":{"line":15,"column":4},"end":{"line":15,"column":null}},"7":{"start":{"line":17,"column":21},"end":{"line":17,"column":null}},"8":{"start":{"line":18,"column":4},"end":{"line":18,"column":null}},"9":{"start":{"line":20,"column":4},"end":{"line":20,"column":null}},"10":{"start":{"line":23,"column":2},"end":{"line":31,"column":null}}},"fnMap":{"0":{"name":"SearchBar","decl":{"start":{"line":3,"column":9},"end":{"line":3,"column":19}},"loc":{"start":{"line":3,"column":33},"end":{"line":33,"column":null}},"line":3},"1":{"name":"(anonymous_1)","decl":{"start":{"line":4,"column":23},"end":{"line":4,"column":30}},"loc":{"start":{"line":4,"column":36},"end":{"line":21,"column":null}},"line":4},"2":{"name":"(anonymous_2)","decl":{"start":{"line":12,"column":11},"end":{"line":12,"column":12}},"loc":{"start":{"line":12,"column":18},"end":{"line":12,"column":26}},"line":12}},"branchMap":{},"s":{"0":2,"1":2,"2":2,"3":2,"4":2,"5":6,"6":2,"7":2,"8":2,"9":2,"10":2},"f":{"0":2,"1":2,"2":6},"b":{},"meta":{"lastBranch":0,"lastFunction":3,"lastStatement":11,"seen":{"f:3:9:3:19":0,"s:4:23:21:Infinity":0,"f:4:23:4:30":1,"s:5:4:5:Infinity":1,"s:6:21:6:Infinity":2,"s:7:23:7:Infinity":3,"s:10:20:13:Infinity":4,"f:12:11:12:12":2,"s:12:18:12:26":5,"s:15:4:15:Infinity":6,"s:17:21:17:Infinity":7,"s:18:4:18:Infinity":8,"s:20:4:20:Infinity":9,"s:23:2:31:Infinity":10}}}
,"/Users/elena/MoodTunes/src/components/SongsList.jsx": {"path":"/Users/elena/MoodTunes/src/components/SongsList.jsx","statementMap":{"0":{"start":{"line":2,"column":25},"end":{"line":10,"column":null}},"1":{"start":{"line":3,"column":4},"end":{"line":9,"column":null}},"2":{"start":{"line":4,"column":28},"end":{"line":4,"column":78}},"3":{"start":{"line":6,"column":6},"end":{"line":6,"column":null}},"4":{"start":{"line":6,"column":43},"end":{"line":6,"column":65}},"5":{"start":{"line":8,"column":6},"end":{"line":8,"column":null}},"6":{"start":{"line":12,"column":2},"end":{"line":29,"column":null}},"7":{"start":{"line":16,"column":8},"end":{"line":27,"column":null}},"8":{"start":{"line":26,"column":33},"end":{"line":26,"column":55}}},"fnMap":{"0":{"name":"SongsList","decl":{"start":{"line":1,"column":9},"end":{"line":1,"column":19}},"loc":{"start":{"line":1,"column":55},"end":{"line":31,"column":null}},"line":1},"1":{"name":"(anonymous_1)","decl":{"start":{"line":2,"column":25},"end":{"line":2,"column":26}},"loc":{"start":{"line":2,"column":35},"end":{"line":10,"column":null}},"line":2},"2":{"name":"(anonymous_2)","decl":{"start":{"line":4,"column":21},"end":{"line":4,"column":22}},"loc":{"start":{"line":4,"column":28},"end":{"line":4,"column":78}},"line":4},"3":{"name":"(anonymous_3)","decl":{"start":{"line":6,"column":36},"end":{"line":6,"column":37}},"loc":{"start":{"line":6,"column":43},"end":{"line":6,"column":65}},"line":6},"4":{"name":"(anonymous_4)","decl":{"start":{"line":15,"column":17},"end":{"line":15,"column":18}},"loc":{"start":{"line":16,"column":8},"end":{"line":27,"column":null}},"line":16},"5":{"name":"(anonymous_5)","decl":{"start":{"line":26,"column":27},"end":{"line":26,"column":33}},"loc":{"start":{"line":26,"column":33},"end":{"line":26,"column":55}},"line":26}},"branchMap":{"0":{"loc":{"start":{"line":3,"column":4},"end":{"line":9,"column":null}},"type":"if","locations":[{"start":{"line":3,"column":4},"end":{"line":9,"column":null}},{"start":{"line":7,"column":11},"end":{"line":9,"column":null}}],"line":3},"1":{"loc":{"start":{"line":4,"column":28},"end":{"line":4,"column":78}},"type":"binary-expr","locations":[{"start":{"line":4,"column":28},"end":{"line":4,"column":54}},{"start":{"line":4,"column":54},"end":{"line":4,"column":78}}],"line":4},"2":{"loc":{"start":{"line":14,"column":7},"end":{"line":14,"column":null}},"type":"binary-expr","locations":[{"start":{"line":14,"column":7},"end":{"line":14,"column":29}},{"start":{"line":14,"column":29},"end":{"line":14,"column":null}}],"line":14},"3":{"loc":{"start":{"line":17,"column":11},"end":{"line":17,"column":null}},"type":"binary-expr","locations":[{"start":{"line":17,"column":11},"end":{"line":17,"column":25}},{"start":{"line":17,"column":25},"end":{"line":17,"column":null}}],"line":17},"4":{"loc":{"start":{"line":21,"column":11},"end":{"line":24,"column":null}},"type":"binary-expr","locations":[{"start":{"line":21,"column":11},"end":{"line":21,"column":null}},{"start":{"line":22,"column":12},"end":{"line":24,"column":null}}],"line":21}},"s":{"0":4,"1":2,"2":1,"3":1,"4":1,"5":1,"6":4,"7":3,"8":2},"f":{"0":4,"1":2,"2":1,"3":1,"4":3,"5":2},"b":{"0":[1,1],"1":[1,1],"2":[4,1],"3":[3,1],"4":[3,1]},"meta":{"lastBranch":5,"lastFunction":6,"lastStatement":9,"seen":{"f:1:9:1:19":0,"s:2:25:10:Infinity":0,"f:2:25:2:26":1,"b:3:4:9:Infinity:7:11:9:Infinity":0,"s:3:4:9:Infinity":1,"f:4:21:4:22":2,"s:4:28:4:78":2,"b:4:28:4:54:4:54:4:78":1,"s:6:6:6:Infinity":3,"f:6:36:6:37":3,"s:6:43:6:65":4,"s:8:6:8:Infinity":5,"s:12:2:29:Infinity":6,"b:14:7:14:29:14:29:14:Infinity":2,"f:15:17:15:18":4,"s:16:8:27:Infinity":7,"b:17:11:17:25:17:25:17:Infinity":3,"b:21:11:21:Infinity:22:12:24:Infinity":4,"f:26:27:26:33":5,"s:26:33:26:55":8}}}
,"/Users/elena/MoodTunes/src/helpers/api.jsx": {"path":"/Users/elena/MoodTunes/src/helpers/api.jsx","statementMap":{"0":{"start":{"line":1,"column":20},"end":{"line":1,"column":null}},"1":{"start":{"line":5,"column":2},"end":{"line":27,"column":null}},"2":{"start":{"line":6,"column":16},"end":{"line":8,"column":null}},"3":{"start":{"line":10,"column":16},"end":{"line":10,"column":null}},"4":{"start":{"line":11,"column":4},"end":{"line":11,"column":null}},"5":{"start":{"line":11,"column":17},"end":{"line":11,"column":null}},"6":{"start":{"line":13,"column":17},"end":{"line":13,"column":null}},"7":{"start":{"line":15,"column":4},"end":{"line":15,"column":null}},"8":{"start":{"line":15,"column":52},"end":{"line":15,"column":null}},"9":{"start":{"line":17,"column":4},"end":{"line":23,"column":null}},"10":{"start":{"line":17,"column":40},"end":{"line":23,"column":6}},"11":{"start":{"line":25,"column":4},"end":{"line":25,"column":null}},"12":{"start":{"line":26,"column":4},"end":{"line":26,"column":null}},"13":{"start":{"line":32,"column":16},"end":{"line":32,"column":null}},"14":{"start":{"line":33,"column":2},"end":{"line":37,"column":null}},"15":{"start":{"line":34,"column":18},"end":{"line":34,"column":null}},"16":{"start":{"line":35,"column":4},"end":{"line":35,"column":null}},"17":{"start":{"line":36,"column":4},"end":{"line":36,"column":null}},"18":{"start":{"line":36,"column":35},"end":{"line":36,"column":59}},"19":{"start":{"line":38,"column":2},"end":{"line":38,"column":null}}},"fnMap":{"0":{"name":"fetchSongsByArtist","decl":{"start":{"line":4,"column":22},"end":{"line":4,"column":41}},"loc":{"start":{"line":4,"column":61},"end":{"line":28,"column":null}},"line":4},"1":{"name":"(anonymous_1)","decl":{"start":{"line":17,"column":28},"end":{"line":17,"column":29}},"loc":{"start":{"line":17,"column":40},"end":{"line":23,"column":6}},"line":17},"2":{"name":"fetchSongsByArtists","decl":{"start":{"line":31,"column":22},"end":{"line":31,"column":42}},"loc":{"start":{"line":31,"column":63},"end":{"line":39,"column":null}},"line":31},"3":{"name":"(anonymous_3)","decl":{"start":{"line":36,"column":22},"end":{"line":36,"column":23}},"loc":{"start":{"line":36,"column":35},"end":{"line":36,"column":59}},"line":36}},"branchMap":{"0":{"loc":{"start":{"line":4,"column":49},"end":{"line":4,"column":61}},"type":"default-arg","locations":[{"start":{"line":4,"column":57},"end":{"line":4,"column":61}}],"line":4},"1":{"loc":{"start":{"line":11,"column":4},"end":{"line":11,"column":null}},"type":"if","locations":[{"start":{"line":11,"column":4},"end":{"line":11,"column":null}},{"start":{},"end":{}}],"line":11},"2":{"loc":{"start":{"line":15,"column":4},"end":{"line":15,"column":null}},"type":"if","locations":[{"start":{"line":15,"column":4},"end":{"line":15,"column":null}},{"start":{},"end":{}}],"line":15},"3":{"loc":{"start":{"line":15,"column":8},"end":{"line":15,"column":52}},"type":"binary-expr","locations":[{"start":{"line":15,"column":8},"end":{"line":15,"column":25}},{"start":{"line":15,"column":25},"end":{"line":15,"column":52}}],"line":15},"4":{"loc":{"start":{"line":18,"column":13},"end":{"line":18,"column":null}},"type":"binary-expr","locations":[{"start":{"line":18,"column":13},"end":{"line":18,"column":32}},{"start":{"line":18,"column":32},"end":{"line":18,"column":null}}],"line":18},"5":{"loc":{"start":{"line":19,"column":14},"end":{"line":19,"column":null}},"type":"binary-expr","locations":[{"start":{"line":19,"column":14},"end":{"line":19,"column":34}},{"start":{"line":19,"column":34},"end":{"line":19,"column":null}}],"line":19},"6":{"loc":{"start":{"line":20,"column":13},"end":{"line":20,"column":null}},"type":"binary-expr","locations":[{"start":{"line":20,"column":13},"end":{"line":20,"column":39}},{"start":{"line":20,"column":39},"end":{"line":20,"column":null}}],"line":20},"7":{"loc":{"start":{"line":21,"column":15},"end":{"line":21,"column":null}},"type":"binary-expr","locations":[{"start":{"line":21,"column":15},"end":{"line":21,"column":35}},{"start":{"line":21,"column":35},"end":{"line":21,"column":null}}],"line":21},"8":{"loc":{"start":{"line":22,"column":13},"end":{"line":22,"column":null}},"type":"binary-expr","locations":[{"start":{"line":22,"column":13},"end":{"line":22,"column":36}},{"start":{"line":22,"column":36},"end":{"line":22,"column":null}}],"line":22},"9":{"loc":{"start":{"line":31,"column":51},"end":{"line":31,"column":63}},"type":"default-arg","locations":[{"start":{"line":31,"column":59},"end":{"line":31,"column":63}}],"line":31}},"s":{"0":1,"1":7,"2":7,"3":7,"4":6,"5":6,"6":5,"7":5,"8":1,"9":4,"10":4,"11":2,"12":2,"13":1,"14":1,"15":2,"16":2,"17":2,"18":2,"19":1},"f":{"0":7,"1":4,"2":1,"3":2},"b":{"0":[7],"1":[1,5],"2":[1,4],"3":[5,5],"4":[4,1],"5":[4,3],"6":[4,3],"7":[4,3],"8":[4,3],"9":[1]},"meta":{"lastBranch":10,"lastFunction":4,"lastStatement":20,"seen":{"s:1:20:1:Infinity":0,"f:4:22:4:41":0,"b:4:57:4:61":0,"s:5:2:27:Infinity":1,"s:6:16:8:Infinity":2,"s:10:16:10:Infinity":3,"b:11:4:11:Infinity:undefined:undefined:undefined:undefined":1,"s:11:4:11:Infinity":4,"s:11:17:11:Infinity":5,"s:13:17:13:Infinity":6,"b:15:4:15:Infinity:undefined:undefined:undefined:undefined":2,"s:15:4:15:Infinity":7,"b:15:8:15:25:15:25:15:52":3,"s:15:52:15:Infinity":8,"s:17:4:23:Infinity":9,"f:17:28:17:29":1,"s:17:40:23:6":10,"b:18:13:18:32:18:32:18:Infinity":4,"b:19:14:19:34:19:34:19:Infinity":5,"b:20:13:20:39:20:39:20:Infinity":6,"b:21:15:21:35:21:35:21:Infinity":7,"b:22:13:22:36:22:36:22:Infinity":8,"s:25:4:25:Infinity":11,"s:26:4:26:Infinity":12,"f:31:22:31:42":2,"b:31:59:31:63":9,"s:32:16:32:Infinity":13,"s:33:2:37:Infinity":14,"s:34:18:34:Infinity":15,"s:35:4:35:Infinity":16,"s:36:4:36:Infinity":17,"f:36:22:36:23":3,"s:36:35:36:59":18,"s:38:2:38:Infinity":19}}}
}
