{"/Users/elena/MoodTunes/src/App.jsx": {"path":"/Users/elena/MoodTunes/src/App.jsx","statementMap":{"0":{"start":{"line":6,"column":6},"end":{"line":6,"column":null}},"1":{"start":{"line":6,"column":26},"end":{"line":6,"column":null}},"2":{"start":{"line":7,"column":6},"end":{"line":7,"column":null}},"3":{"start":{"line":7,"column":29},"end":{"line":7,"column":null}},"4":{"start":{"line":8,"column":6},"end":{"line":8,"column":null}},"5":{"start":{"line":8,"column":29},"end":{"line":8,"column":null}},"6":{"start":{"line":12,"column":24},"end":{"line":12,"column":null}},"7":{"start":{"line":13,"column":32},"end":{"line":13,"column":null}},"8":{"start":{"line":15,"column":26},"end":{"line":15,"column":null}},"9":{"start":{"line":16,"column":28},"end":{"line":16,"column":null}},"10":{"start":{"line":17,"column":36},"end":{"line":17,"column":null}},"11":{"start":{"line":18,"column":44},"end":{"line":18,"column":null}},"12":{"start":{"line":19,"column":30},"end":{"line":21,"column":null}},"13":{"start":{"line":20,"column":4},"end":{"line":20,"column":null}},"14":{"start":{"line":24,"column":2},"end":{"line":28,"column":null}},"15":{"start":{"line":25,"column":18},"end":{"line":25,"column":null}},"16":{"start":{"line":26,"column":4},"end":{"line":26,"column":null}},"17":{"start":{"line":27,"column":4},"end":{"line":27,"column":null}},"18":{"start":{"line":31,"column":22},"end":{"line":31,"column":null}},"19":{"start":{"line":32,"column":18},"end":{"line":32,"column":null}},"20":{"start":{"line":33,"column":8},"end":{"line":33,"column":null}},"21":{"start":{"line":34,"column":14},"end":{"line":34,"column":null}},"22":{"start":{"line":35,"column":25},"end":{"line":35,"column":null}},"23":{"start":{"line":38,"column":28},"end":{"line":38,"column":null}},"24":{"start":{"line":39,"column":21},"end":{"line":39,"column":null}},"25":{"start":{"line":40,"column":8},"end":{"line":40,"column":null}},"26":{"start":{"line":41,"column":17},"end":{"line":41,"column":null}},"27":{"start":{"line":42,"column":23},"end":{"line":42,"column":null}},"28":{"start":{"line":44,"column":36},"end":{"line":44,"column":null}},"29":{"start":{"line":45,"column":32},"end":{"line":45,"column":null}},"30":{"start":{"line":47,"column":38},"end":{"line":47,"column":null}},"31":{"start":{"line":50,"column":4},"end":{"line":56,"column":null}},"32":{"start":{"line":51,"column":8},"end":{"line":54,"column":null}},"33":{"start":{"line":52,"column":13},"end":{"line":52,"column":null}},"34":{"start":{"line":53,"column":13},"end":{"line":53,"column":null}},"35":{"start":{"line":55,"column":8},"end":{"line":55,"column":null}},"36":{"start":{"line":58,"column":4},"end":{"line":74,"column":null}},"37":{"start":{"line":59,"column":6},"end":{"line":59,"column":null}},"38":{"start":{"line":60,"column":6},"end":{"line":60,"column":null}},"39":{"start":{"line":60,"column":33},"end":{"line":60,"column":78}},"40":{"start":{"line":61,"column":4},"end":{"line":74,"column":null}},"41":{"start":{"line":62,"column":6},"end":{"line":62,"column":null}},"42":{"start":{"line":63,"column":6},"end":{"line":63,"column":null}},"43":{"start":{"line":63,"column":33},"end":{"line":63,"column":78}},"44":{"start":{"line":64,"column":4},"end":{"line":74,"column":null}},"45":{"start":{"line":65,"column":6},"end":{"line":65,"column":null}},"46":{"start":{"line":66,"column":6},"end":{"line":71,"column":null}},"47":{"start":{"line":67,"column":8},"end":{"line":67,"column":null}},"48":{"start":{"line":69,"column":8},"end":{"line":69,"column":null}},"49":{"start":{"line":70,"column":8},"end":{"line":70,"column":null}},"50":{"start":{"line":72,"column":4},"end":{"line":74,"column":null}},"51":{"start":{"line":73,"column":6},"end":{"line":73,"column":null}},"52":{"start":{"line":78,"column":6},"end":{"line":78,"column":null}},"53":{"start":{"line":79,"column":6},"end":{"line":79,"column":null}},"54":{"start":{"line":80,"column":6},"end":{"line":80,"column":null}},"55":{"start":{"line":81,"column":6},"end":{"line":81,"column":null}},"56":{"start":{"line":82,"column":6},"end":{"line":82,"column":null}},"57":{"start":{"line":86,"column":2},"end":{"line":89,"column":null}},"58":{"start":{"line":87,"column":19},"end":{"line":87,"column":null}},"59":{"start":{"line":88,"column":4},"end":{"line":88,"column":null}},"60":{"start":{"line":88,"column":16},"end":{"line":88,"column":null}},"61":{"start":{"line":92,"column":2},"end":{"line":94,"column":null}},"62":{"start":{"line":93,"column":4},"end":{"line":93,"column":null}},"63":{"start":{"line":96,"column":8},"end":{"line":96,"column":null}},"64":{"start":{"line":99,"column":2},"end":{"line":115,"column":null}},"65":{"start":{"line":100,"column":4},"end":{"line":103,"column":null}},"66":{"start":{"line":101,"column":6},"end":{"line":101,"column":null}},"67":{"start":{"line":102,"column":6},"end":{"line":102,"column":null}},"68":{"start":{"line":105,"column":28},"end":{"line":112,"column":null}},"69":{"start":{"line":106,"column":6},"end":{"line":111,"column":null}},"70":{"start":{"line":107,"column":8},"end":{"line":107,"column":null}},"71":{"start":{"line":109,"column":8},"end":{"line":109,"column":null}},"72":{"start":{"line":110,"column":8},"end":{"line":110,"column":null}},"73":{"start":{"line":114,"column":4},"end":{"line":114,"column":null}},"74":{"start":{"line":114,"column":17},"end":{"line":114,"column":null}},"75":{"start":{"line":119,"column":4},"end":{"line":119,"column":null}},"76":{"start":{"line":119,"column":16},"end":{"line":119,"column":null}},"77":{"start":{"line":120,"column":4},"end":{"line":151,"column":null}},"78":{"start":{"line":121,"column":18},"end":{"line":125,"column":null}},"79":{"start":{"line":126,"column":19},"end":{"line":126,"column":null}},"80":{"start":{"line":128,"column":25},"end":{"line":133,"column":null}},"81":{"start":{"line":128,"column":54},"end":{"line":133,"column":8}},"82":{"start":{"line":136,"column":28},"end":{"line":136,"column":null}},"83":{"start":{"line":137,"column":19},"end":{"line":137,"column":null}},"84":{"start":{"line":139,"column":6},"end":{"line":145,"column":null}},"85":{"start":{"line":140,"column":20},"end":{"line":140,"column":null}},"86":{"start":{"line":141,"column":8},"end":{"line":144,"column":null}},"87":{"start":{"line":142,"column":10},"end":{"line":142,"column":null}},"88":{"start":{"line":143,"column":10},"end":{"line":143,"column":null}},"89":{"start":{"line":147,"column":6},"end":{"line":147,"column":null}},"90":{"start":{"line":148,"column":6},"end":{"line":148,"column":null}},"91":{"start":{"line":150,"column":6},"end":{"line":150,"column":null}},"92":{"start":{"line":156,"column":4},"end":{"line":156,"column":null}},"93":{"start":{"line":156,"column":35},"end":{"line":156,"column":null}},"94":{"start":{"line":157,"column":27},"end":{"line":157,"column":null}},"95":{"start":{"line":158,"column":4},"end":{"line":158,"column":null}},"96":{"start":{"line":158,"column":25},"end":{"line":158,"column":null}},"97":{"start":{"line":160,"column":4},"end":{"line":160,"column":null}},"98":{"start":{"line":161,"column":4},"end":{"line":161,"column":null}},"99":{"start":{"line":163,"column":4},"end":{"line":187,"column":null}},"100":{"start":{"line":164,"column":18},"end":{"line":168,"column":null}},"101":{"start":{"line":170,"column":19},"end":{"line":170,"column":null}},"102":{"start":{"line":172,"column":22},"end":{"line":179,"column":null}},"103":{"start":{"line":172,"column":51},"end":{"line":179,"column":8}},"104":{"start":{"line":181,"column":6},"end":{"line":181,"column":null}},"105":{"start":{"line":182,"column":6},"end":{"line":182,"column":null}},"106":{"start":{"line":184,"column":7},"end":{"line":184,"column":null}},"107":{"start":{"line":186,"column":7},"end":{"line":186,"column":null}},"108":{"start":{"line":192,"column":4},"end":{"line":195,"column":null}},"109":{"start":{"line":193,"column":8},"end":{"line":193,"column":null}},"110":{"start":{"line":194,"column":8},"end":{"line":194,"column":null}},"111":{"start":{"line":197,"column":4},"end":{"line":200,"column":null}},"112":{"start":{"line":198,"column":8},"end":{"line":198,"column":null}},"113":{"start":{"line":199,"column":8},"end":{"line":199,"column":null}},"114":{"start":{"line":203,"column":21},"end":{"line":205,"column":null}},"115":{"start":{"line":204,"column":28},"end":{"line":204,"column":63}},"116":{"start":{"line":207,"column":4},"end":{"line":207,"column":null}},"117":{"start":{"line":208,"column":4},"end":{"line":208,"column":null}},"118":{"start":{"line":212,"column":2},"end":{"line":217,"column":null}},"119":{"start":{"line":213,"column":4},"end":{"line":213,"column":null}},"120":{"start":{"line":214,"column":4},"end":{"line":216,"column":null}},"121":{"start":{"line":215,"column":6},"end":{"line":215,"column":null}},"122":{"start":{"line":220,"column":17},"end":{"line":220,"column":null}},"123":{"start":{"line":221,"column":16},"end":{"line":223,"column":null}},"124":{"start":{"line":224,"column":17},"end":{"line":224,"column":null}},"125":{"start":{"line":225,"column":18},"end":{"line":225,"column":null}},"126":{"start":{"line":226,"column":4},"end":{"line":226,"column":null}},"127":{"start":{"line":226,"column":16},"end":{"line":226,"column":null}},"128":{"start":{"line":228,"column":4},"end":{"line":235,"column":null}},"129":{"start":{"line":241,"column":21},"end":{"line":241,"column":null}},"130":{"start":{"line":241,"column":44},"end":{"line":241,"column":60}},"131":{"start":{"line":242,"column":30},"end":{"line":242,"column":null}},"132":{"start":{"line":245,"column":4},"end":{"line":257,"column":null}},"133":{"start":{"line":247,"column":6},"end":{"line":247,"column":null}},"134":{"start":{"line":248,"column":6},"end":{"line":248,"column":null}},"135":{"start":{"line":248,"column":43},"end":{"line":248,"column":59}},"136":{"start":{"line":249,"column":6},"end":{"line":249,"column":null}},"137":{"start":{"line":250,"column":6},"end":{"line":250,"column":null}},"138":{"start":{"line":251,"column":6},"end":{"line":251,"column":null}},"139":{"start":{"line":251,"column":23},"end":{"line":251,"column":44}},"140":{"start":{"line":254,"column":6},"end":{"line":254,"column":null}},"141":{"start":{"line":255,"column":6},"end":{"line":255,"column":null}},"142":{"start":{"line":256,"column":6},"end":{"line":256,"column":null}},"143":{"start":{"line":260,"column":4},"end":{"line":272,"column":null}},"144":{"start":{"line":262,"column":8},"end":{"line":266,"column":null}},"145":{"start":{"line":265,"column":12},"end":{"line":265,"column":null}},"146":{"start":{"line":268,"column":8},"end":{"line":268,"column":null}},"147":{"start":{"line":270,"column":8},"end":{"line":270,"column":null}},"148":{"start":{"line":271,"column":8},"end":{"line":271,"column":null}},"149":{"start":{"line":276,"column":6},"end":{"line":280,"column":null}},"150":{"start":{"line":277,"column":10},"end":{"line":277,"column":null}},"151":{"start":{"line":277,"column":33},"end":{"line":277,"column":55}},"152":{"start":{"line":278,"column":10},"end":{"line":278,"column":null}},"153":{"start":{"line":279,"column":10},"end":{"line":279,"column":null}},"154":{"start":{"line":284,"column":36},"end":{"line":284,"column":null}},"155":{"start":{"line":289,"column":23},"end":{"line":289,"column":null}},"156":{"start":{"line":290,"column":23},"end":{"line":290,"column":null}},"157":{"start":{"line":291,"column":4},"end":{"line":295,"column":null}},"158":{"start":{"line":292,"column":6},"end":{"line":292,"column":null}},"159":{"start":{"line":294,"column":6},"end":{"line":294,"column":null}},"160":{"start":{"line":299,"column":2},"end":{"line":304,"column":null}},"161":{"start":{"line":300,"column":4},"end":{"line":300,"column":null}},"162":{"start":{"line":301,"column":4},"end":{"line":303,"column":null}},"163":{"start":{"line":302,"column":6},"end":{"line":302,"column":null}},"164":{"start":{"line":307,"column":29},"end":{"line":317,"column":null}},"165":{"start":{"line":308,"column":19},"end":{"line":308,"column":null}},"166":{"start":{"line":309,"column":20},"end":{"line":311,"column":null}},"167":{"start":{"line":314,"column":4},"end":{"line":316,"column":null}},"168":{"start":{"line":319,"column":2},"end":{"line":376,"column":null}}},"fnMap":{"0":{"name":"(anonymous_0)","decl":{"start":{"line":6,"column":20},"end":{"line":6,"column":26}},"loc":{"start":{"line":6,"column":26},"end":{"line":6,"column":null}},"line":6},"1":{"name":"(anonymous_1)","decl":{"start":{"line":7,"column":23},"end":{"line":7,"column":29}},"loc":{"start":{"line":7,"column":29},"end":{"line":7,"column":null}},"line":7},"2":{"name":"(anonymous_2)","decl":{"start":{"line":8,"column":23},"end":{"line":8,"column":29}},"loc":{"start":{"line":8,"column":29},"end":{"line":8,"column":null}},"line":8},"3":{"name":"App","decl":{"start":{"line":11,"column":24},"end":{"line":11,"column":30}},"loc":{"start":{"line":11,"column":30},"end":{"line":378,"column":null}},"line":11},"4":{"name":"(anonymous_4)","decl":{"start":{"line":19,"column":43},"end":{"line":19,"column":49}},"loc":{"start":{"line":19,"column":49},"end":{"line":21,"column":3}},"line":19},"5":{"name":"(anonymous_5)","decl":{"start":{"line":24,"column":12},"end":{"line":24,"column":18}},"loc":{"start":{"line":24,"column":18},"end":{"line":28,"column":5}},"line":24},"6":{"name":"handleKeyDown","decl":{"start":{"line":49,"column":11},"end":{"line":49,"column":25}},"loc":{"start":{"line":49,"column":28},"end":{"line":75,"column":null}},"line":49},"7":{"name":"(anonymous_7)","decl":{"start":{"line":60,"column":22},"end":{"line":60,"column":23}},"loc":{"start":{"line":60,"column":33},"end":{"line":60,"column":78}},"line":60},"8":{"name":"(anonymous_8)","decl":{"start":{"line":63,"column":22},"end":{"line":63,"column":23}},"loc":{"start":{"line":63,"column":33},"end":{"line":63,"column":78}},"line":63},"9":{"name":"selectSuggestion","decl":{"start":{"line":77,"column":11},"end":{"line":77,"column":28}},"loc":{"start":{"line":77,"column":31},"end":{"line":83,"column":null}},"line":77},"10":{"name":"(anonymous_10)","decl":{"start":{"line":86,"column":12},"end":{"line":86,"column":18}},"loc":{"start":{"line":86,"column":18},"end":{"line":89,"column":5}},"line":86},"11":{"name":"(anonymous_11)","decl":{"start":{"line":92,"column":12},"end":{"line":92,"column":18}},"loc":{"start":{"line":92,"column":18},"end":{"line":94,"column":5}},"line":92},"12":{"name":"(anonymous_12)","decl":{"start":{"line":99,"column":12},"end":{"line":99,"column":18}},"loc":{"start":{"line":99,"column":18},"end":{"line":115,"column":5}},"line":99},"13":{"name":"(anonymous_13)","decl":{"start":{"line":105,"column":39},"end":{"line":105,"column":45}},"loc":{"start":{"line":105,"column":45},"end":{"line":112,"column":7}},"line":105},"14":{"name":"(anonymous_14)","decl":{"start":{"line":114,"column":11},"end":{"line":114,"column":17}},"loc":{"start":{"line":114,"column":17},"end":{"line":114,"column":null}},"line":114},"15":{"name":"fetchSuggestions","decl":{"start":{"line":118,"column":17},"end":{"line":118,"column":34}},"loc":{"start":{"line":118,"column":41},"end":{"line":152,"column":null}},"line":118},"16":{"name":"(anonymous_16)","decl":{"start":{"line":128,"column":42},"end":{"line":128,"column":43}},"loc":{"start":{"line":128,"column":54},"end":{"line":133,"column":8}},"line":128},"17":{"name":"fetchSongs","decl":{"start":{"line":155,"column":17},"end":{"line":155,"column":28}},"loc":{"start":{"line":155,"column":35},"end":{"line":188,"column":null}},"line":155},"18":{"name":"(anonymous_18)","decl":{"start":{"line":172,"column":39},"end":{"line":172,"column":40}},"loc":{"start":{"line":172,"column":51},"end":{"line":179,"column":8}},"line":172},"19":{"name":"handleAgentSongs","decl":{"start":{"line":191,"column":17},"end":{"line":191,"column":34}},"loc":{"start":{"line":191,"column":46},"end":{"line":209,"column":null}},"line":191},"20":{"name":"(anonymous_20)","decl":{"start":{"line":204,"column":21},"end":{"line":204,"column":22}},"loc":{"start":{"line":204,"column":28},"end":{"line":204,"column":63}},"line":204},"21":{"name":"(anonymous_21)","decl":{"start":{"line":212,"column":12},"end":{"line":212,"column":18}},"loc":{"start":{"line":212,"column":18},"end":{"line":217,"column":5}},"line":212},"22":{"name":"(anonymous_22)","decl":{"start":{"line":214,"column":11},"end":{"line":214,"column":17}},"loc":{"start":{"line":214,"column":17},"end":{"line":216,"column":null}},"line":214},"23":{"name":"fetchItunesTrack","decl":{"start":{"line":219,"column":17},"end":{"line":219,"column":34}},"loc":{"start":{"line":219,"column":49},"end":{"line":236,"column":null}},"line":219},"24":{"name":"toggleFavorite","decl":{"start":{"line":240,"column":17},"end":{"line":240,"column":32}},"loc":{"start":{"line":240,"column":38},"end":{"line":273,"column":null}},"line":240},"25":{"name":"(anonymous_25)","decl":{"start":{"line":241,"column":37},"end":{"line":241,"column":38}},"loc":{"start":{"line":241,"column":44},"end":{"line":241,"column":60}},"line":241},"26":{"name":"(anonymous_26)","decl":{"start":{"line":248,"column":36},"end":{"line":248,"column":37}},"loc":{"start":{"line":248,"column":43},"end":{"line":248,"column":59}},"line":248},"27":{"name":"(anonymous_27)","decl":{"start":{"line":251,"column":17},"end":{"line":251,"column":23}},"loc":{"start":{"line":251,"column":23},"end":{"line":251,"column":44}},"line":251},"28":{"name":"(anonymous_28)","decl":{"start":{"line":262,"column":26},"end":{"line":262,"column":27}},"loc":{"start":{"line":262,"column":47},"end":{"line":266,"column":9}},"line":262},"29":{"name":"handleUndo","decl":{"start":{"line":275,"column":11},"end":{"line":275,"column":24}},"loc":{"start":{"line":275,"column":24},"end":{"line":281,"column":null}},"line":275},"30":{"name":"(anonymous_30)","decl":{"start":{"line":277,"column":23},"end":{"line":277,"column":24}},"loc":{"start":{"line":277,"column":33},"end":{"line":277,"column":55}},"line":277},"31":{"name":"handleMoodChange","decl":{"start":{"line":287,"column":11},"end":{"line":287,"column":28}},"loc":{"start":{"line":287,"column":34},"end":{"line":296,"column":null}},"line":287},"32":{"name":"(anonymous_32)","decl":{"start":{"line":299,"column":12},"end":{"line":299,"column":18}},"loc":{"start":{"line":299,"column":18},"end":{"line":304,"column":5}},"line":299},"33":{"name":"(anonymous_33)","decl":{"start":{"line":301,"column":11},"end":{"line":301,"column":17}},"loc":{"start":{"line":301,"column":17},"end":{"line":303,"column":null}},"line":301},"34":{"name":"(anonymous_34)","decl":{"start":{"line":307,"column":29},"end":{"line":307,"column":35}},"loc":{"start":{"line":307,"column":35},"end":{"line":317,"column":null}},"line":307}},"branchMap":{"0":{"loc":{"start":{"line":25,"column":18},"end":{"line":25,"column":null}},"type":"cond-expr","locations":[{"start":{"line":25,"column":29},"end":{"line":25,"column":38}},{"start":{"line":25,"column":38},"end":{"line":25,"column":null}}],"line":25},"1":{"loc":{"start":{"line":50,"column":4},"end":{"line":56,"column":null}},"type":"if","locations":[{"start":{"line":50,"column":4},"end":{"line":56,"column":null}},{"start":{},"end":{}}],"line":50},"2":{"loc":{"start":{"line":50,"column":8},"end":{"line":50,"column":54}},"type":"binary-expr","locations":[{"start":{"line":50,"column":8},"end":{"line":50,"column":28}},{"start":{"line":50,"column":28},"end":{"line":50,"column":54}}],"line":50},"3":{"loc":{"start":{"line":51,"column":8},"end":{"line":54,"column":null}},"type":"if","locations":[{"start":{"line":51,"column":8},"end":{"line":54,"column":null}},{"start":{},"end":{}}],"line":51},"4":{"loc":{"start":{"line":58,"column":4},"end":{"line":74,"column":null}},"type":"if","locations":[{"start":{"line":58,"column":4},"end":{"line":74,"column":null}},{"start":{"line":61,"column":4},"end":{"line":74,"column":null}}],"line":58},"5":{"loc":{"start":{"line":60,"column":33},"end":{"line":60,"column":78}},"type":"cond-expr","locations":[{"start":{"line":60,"column":65},"end":{"line":60,"column":76}},{"start":{"line":60,"column":76},"end":{"line":60,"column":78}}],"line":60},"6":{"loc":{"start":{"line":61,"column":4},"end":{"line":74,"column":null}},"type":"if","locations":[{"start":{"line":61,"column":4},"end":{"line":74,"column":null}},{"start":{"line":64,"column":4},"end":{"line":74,"column":null}}],"line":61},"7":{"loc":{"start":{"line":63,"column":33},"end":{"line":63,"column":78}},"type":"cond-expr","locations":[{"start":{"line":63,"column":44},"end":{"line":63,"column":55}},{"start":{"line":63,"column":55},"end":{"line":63,"column":78}}],"line":63},"8":{"loc":{"start":{"line":64,"column":4},"end":{"line":74,"column":null}},"type":"if","locations":[{"start":{"line":64,"column":4},"end":{"line":74,"column":null}},{"start":{"line":72,"column":4},"end":{"line":74,"column":null}}],"line":64},"9":{"loc":{"start":{"line":66,"column":6},"end":{"line":71,"column":null}},"type":"if","locations":[{"start":{"line":66,"column":6},"end":{"line":71,"column":null}},{"start":{"line":68,"column":13},"end":{"line":71,"column":null}}],"line":66},"10":{"loc":{"start":{"line":66,"column":10},"end":{"line":66,"column":58}},"type":"binary-expr","locations":[{"start":{"line":66,"column":10},"end":{"line":66,"column":31}},{"start":{"line":66,"column":31},"end":{"line":66,"column":58}}],"line":66},"11":{"loc":{"start":{"line":72,"column":4},"end":{"line":74,"column":null}},"type":"if","locations":[{"start":{"line":72,"column":4},"end":{"line":74,"column":null}},{"start":{},"end":{}}],"line":72},"12":{"loc":{"start":{"line":88,"column":4},"end":{"line":88,"column":null}},"type":"if","locations":[{"start":{"line":88,"column":4},"end":{"line":88,"column":null}},{"start":{},"end":{}}],"line":88},"13":{"loc":{"start":{"line":100,"column":4},"end":{"line":103,"column":null}},"type":"if","locations":[{"start":{"line":100,"column":4},"end":{"line":103,"column":null}},{"start":{},"end":{}}],"line":100},"14":{"loc":{"start":{"line":106,"column":6},"end":{"line":111,"column":null}},"type":"if","locations":[{"start":{"line":106,"column":6},"end":{"line":111,"column":null}},{"start":{"line":108,"column":13},"end":{"line":111,"column":null}}],"line":106},"15":{"loc":{"start":{"line":119,"column":4},"end":{"line":119,"column":null}},"type":"if","locations":[{"start":{"line":119,"column":4},"end":{"line":119,"column":null}},{"start":{},"end":{}}],"line":119},"16":{"loc":{"start":{"line":141,"column":8},"end":{"line":144,"column":null}},"type":"if","locations":[{"start":{"line":141,"column":8},"end":{"line":144,"column":null}},{"start":{},"end":{}}],"line":141},"17":{"loc":{"start":{"line":156,"column":4},"end":{"line":156,"column":null}},"type":"if","locations":[{"start":{"line":156,"column":4},"end":{"line":156,"column":null}},{"start":{},"end":{}}],"line":156},"18":{"loc":{"start":{"line":158,"column":4},"end":{"line":158,"column":null}},"type":"if","locations":[{"start":{"line":158,"column":4},"end":{"line":158,"column":null}},{"start":{},"end":{}}],"line":158},"19":{"loc":{"start":{"line":176,"column":15},"end":{"line":176,"column":null}},"type":"binary-expr","locations":[{"start":{"line":176,"column":15},"end":{"line":176,"column":41}},{"start":{"line":176,"column":41},"end":{"line":176,"column":null}}],"line":176},"20":{"loc":{"start":{"line":192,"column":4},"end":{"line":195,"column":null}},"type":"if","locations":[{"start":{"line":192,"column":4},"end":{"line":195,"column":null}},{"start":{},"end":{}}],"line":192},"21":{"loc":{"start":{"line":197,"column":4},"end":{"line":200,"column":null}},"type":"if","locations":[{"start":{"line":197,"column":4},"end":{"line":200,"column":null}},{"start":{},"end":{}}],"line":197},"22":{"loc":{"start":{"line":226,"column":4},"end":{"line":226,"column":null}},"type":"if","locations":[{"start":{"line":226,"column":4},"end":{"line":226,"column":null}},{"start":{},"end":{}}],"line":226},"23":{"loc":{"start":{"line":232,"column":13},"end":{"line":232,"column":null}},"type":"binary-expr","locations":[{"start":{"line":232,"column":13},"end":{"line":232,"column":39}},{"start":{"line":232,"column":39},"end":{"line":232,"column":null}}],"line":232},"24":{"loc":{"start":{"line":245,"column":4},"end":{"line":257,"column":null}},"type":"if","locations":[{"start":{"line":245,"column":4},"end":{"line":257,"column":null}},{"start":{"line":252,"column":11},"end":{"line":257,"column":null}}],"line":245},"25":{"loc":{"start":{"line":276,"column":6},"end":{"line":280,"column":null}},"type":"if","locations":[{"start":{"line":276,"column":6},"end":{"line":280,"column":null}},{"start":{},"end":{}}],"line":276},"26":{"loc":{"start":{"line":291,"column":4},"end":{"line":295,"column":null}},"type":"if","locations":[{"start":{"line":291,"column":4},"end":{"line":295,"column":null}},{"start":{"line":293,"column":11},"end":{"line":295,"column":null}}],"line":291},"27":{"loc":{"start":{"line":309,"column":20},"end":{"line":311,"column":null}},"type":"cond-expr","locations":[{"start":{"line":310,"column":8},"end":{"line":310,"column":null}},{"start":{"line":311,"column":8},"end":{"line":311,"column":null}}],"line":309},"28":{"loc":{"start":{"line":314,"column":11},"end":{"line":316,"column":null}},"type":"cond-expr","locations":[{"start":{"line":315,"column":8},"end":{"line":315,"column":null}},{"start":{"line":316,"column":8},"end":{"line":316,"column":null}}],"line":314},"29":{"loc":{"start":{"line":366,"column":7},"end":{"line":370,"column":null}},"type":"binary-expr","locations":[{"start":{"line":366,"column":7},"end":{"line":366,"column":null}},{"start":{"line":367,"column":10},"end":{"line":370,"column":null}}],"line":366}},"s":{"0":1,"1":1,"2":1,"3":1,"4":1,"5":1,"6":38,"7":38,"8":38,"9":38,"10":38,"11":38,"12":38,"13":10,"14":38,"15":12,"16":12,"17":12,"18":38,"19":38,"20":38,"21":38,"22":38,"23":38,"24":38,"25":38,"26":38,"27":38,"28":38,"29":38,"30":38,"31":4,"32":0,"33":0,"34":0,"35":0,"36":4,"37":2,"38":2,"39":2,"40":2,"41":1,"42":1,"43":1,"44":1,"45":1,"46":1,"47":1,"48":0,"49":0,"50":0,"51":0,"52":1,"53":1,"54":1,"55":1,"56":1,"57":38,"58":10,"59":10,"60":0,"61":38,"62":12,"63":38,"64":38,"65":18,"66":1,"67":1,"68":17,"69":2,"70":1,"71":1,"72":1,"73":17,"74":17,"75":1,"76":0,"77":1,"78":1,"79":1,"80":1,"81":2,"82":1,"83":1,"84":1,"85":2,"86":2,"87":2,"88":2,"89":1,"90":1,"91":0,"92":6,"93":0,"94":6,"95":6,"96":0,"97":6,"98":6,"99":6,"100":6,"101":6,"102":6,"103":20,"104":6,"105":6,"106":0,"107":6,"108":2,"109":1,"110":1,"111":1,"112":0,"113":0,"114":1,"115":1,"116":1,"117":1,"118":38,"119":10,"120":10,"121":10,"122":1,"123":1,"124":1,"125":1,"126":1,"127":0,"128":1,"129":2,"130":1,"131":2,"132":2,"133":1,"134":1,"135":1,"136":1,"137":1,"138":1,"139":0,"140":1,"141":1,"142":1,"143":2,"144":2,"145":2,"146":0,"147":0,"148":0,"149":0,"150":0,"151":0,"152":0,"153":0,"154":38,"155":0,"156":0,"157":0,"158":0,"159":0,"160":38,"161":10,"162":10,"163":10,"164":38,"165":38,"166":38,"167":38,"168":38},"f":{"0":1,"1":1,"2":1,"3":38,"4":10,"5":12,"6":4,"7":2,"8":1,"9":1,"10":10,"11":12,"12":18,"13":2,"14":17,"15":1,"16":2,"17":6,"18":20,"19":2,"20":1,"21":10,"22":10,"23":1,"24":2,"25":1,"26":1,"27":0,"28":2,"29":0,"30":0,"31":0,"32":10,"33":10,"34":38},"b":{"0":[1,11],"1":[0,4],"2":[4,4],"3":[0,0],"4":[2,2],"5":[2,0],"6":[1,1],"7":[1,0],"8":[1,0],"9":[1,0],"10":[1,1],"11":[0,0],"12":[0,10],"13":[1,17],"14":[1,1],"15":[0,1],"16":[2,0],"17":[0,6],"18":[0,6],"19":[20,4],"20":[1,1],"21":[0,1],"22":[0,1],"23":[1,1],"24":[1,1],"25":[0,0],"26":[0,0],"27":[1,37],"28":[38,0],"29":[38,1]},"meta":{"lastBranch":30,"lastFunction":35,"lastStatement":169,"seen":{"s:6:6:6:Infinity":0,"f:6:20:6:26":0,"s:6:26:6:Infinity":1,"s:7:6:7:Infinity":2,"f:7:23:7:29":1,"s:7:29:7:Infinity":3,"s:8:6:8:Infinity":4,"f:8:23:8:29":2,"s:8:29:8:Infinity":5,"f:11:24:11:30":3,"s:12:24:12:Infinity":6,"s:13:32:13:Infinity":7,"s:15:26:15:Infinity":8,"s:16:28:16:Infinity":9,"s:17:36:17:Infinity":10,"s:18:44:18:Infinity":11,"s:19:30:21:Infinity":12,"f:19:43:19:49":4,"s:20:4:20:Infinity":13,"s:24:2:28:Infinity":14,"f:24:12:24:18":5,"s:25:18:25:Infinity":15,"b:25:29:25:38:25:38:25:Infinity":0,"s:26:4:26:Infinity":16,"s:27:4:27:Infinity":17,"s:31:22:31:Infinity":18,"s:32:18:32:Infinity":19,"s:33:8:33:Infinity":20,"s:34:14:34:Infinity":21,"s:35:25:35:Infinity":22,"s:38:28:38:Infinity":23,"s:39:21:39:Infinity":24,"s:40:8:40:Infinity":25,"s:41:17:41:Infinity":26,"s:42:23:42:Infinity":27,"s:44:36:44:Infinity":28,"s:45:32:45:Infinity":29,"s:47:38:47:Infinity":30,"f:49:11:49:25":6,"b:50:4:56:Infinity:undefined:undefined:undefined:undefined":1,"s:50:4:56:Infinity":31,"b:50:8:50:28:50:28:50:54":2,"b:51:8:54:Infinity:undefined:undefined:undefined:undefined":3,"s:51:8:54:Infinity":32,"s:52:13:52:Infinity":33,"s:53:13:53:Infinity":34,"s:55:8:55:Infinity":35,"b:58:4:74:Infinity:61:4:74:Infinity":4,"s:58:4:74:Infinity":36,"s:59:6:59:Infinity":37,"s:60:6:60:Infinity":38,"f:60:22:60:23":7,"s:60:33:60:78":39,"b:60:65:60:76:60:76:60:78":5,"b:61:4:74:Infinity:64:4:74:Infinity":6,"s:61:4:74:Infinity":40,"s:62:6:62:Infinity":41,"s:63:6:63:Infinity":42,"f:63:22:63:23":8,"s:63:33:63:78":43,"b:63:44:63:55:63:55:63:78":7,"b:64:4:74:Infinity:72:4:74:Infinity":8,"s:64:4:74:Infinity":44,"s:65:6:65:Infinity":45,"b:66:6:71:Infinity:68:13:71:Infinity":9,"s:66:6:71:Infinity":46,"b:66:10:66:31:66:31:66:58":10,"s:67:8:67:Infinity":47,"s:69:8:69:Infinity":48,"s:70:8:70:Infinity":49,"b:72:4:74:Infinity:undefined:undefined:undefined:undefined":11,"s:72:4:74:Infinity":50,"s:73:6:73:Infinity":51,"f:77:11:77:28":9,"s:78:6:78:Infinity":52,"s:79:6:79:Infinity":53,"s:80:6:80:Infinity":54,"s:81:6:81:Infinity":55,"s:82:6:82:Infinity":56,"s:86:2:89:Infinity":57,"f:86:12:86:18":10,"s:87:19:87:Infinity":58,"b:88:4:88:Infinity:undefined:undefined:undefined:undefined":12,"s:88:4:88:Infinity":59,"s:88:16:88:Infinity":60,"s:92:2:94:Infinity":61,"f:92:12:92:18":11,"s:93:4:93:Infinity":62,"s:96:8:96:Infinity":63,"s:99:2:115:Infinity":64,"f:99:12:99:18":12,"b:100:4:103:Infinity:undefined:undefined:undefined:undefined":13,"s:100:4:103:Infinity":65,"s:101:6:101:Infinity":66,"s:102:6:102:Infinity":67,"s:105:28:112:Infinity":68,"f:105:39:105:45":13,"b:106:6:111:Infinity:108:13:111:Infinity":14,"s:106:6:111:Infinity":69,"s:107:8:107:Infinity":70,"s:109:8:109:Infinity":71,"s:110:8:110:Infinity":72,"s:114:4:114:Infinity":73,"f:114:11:114:17":14,"s:114:17:114:Infinity":74,"f:118:17:118:34":15,"b:119:4:119:Infinity:undefined:undefined:undefined:undefined":15,"s:119:4:119:Infinity":75,"s:119:16:119:Infinity":76,"s:120:4:151:Infinity":77,"s:121:18:125:Infinity":78,"s:126:19:126:Infinity":79,"s:128:25:133:Infinity":80,"f:128:42:128:43":16,"s:128:54:133:8":81,"s:136:28:136:Infinity":82,"s:137:19:137:Infinity":83,"s:139:6:145:Infinity":84,"s:140:20:140:Infinity":85,"b:141:8:144:Infinity:undefined:undefined:undefined:undefined":16,"s:141:8:144:Infinity":86,"s:142:10:142:Infinity":87,"s:143:10:143:Infinity":88,"s:147:6:147:Infinity":89,"s:148:6:148:Infinity":90,"s:150:6:150:Infinity":91,"f:155:17:155:28":17,"b:156:4:156:Infinity:undefined:undefined:undefined:undefined":17,"s:156:4:156:Infinity":92,"s:156:35:156:Infinity":93,"s:157:27:157:Infinity":94,"b:158:4:158:Infinity:undefined:undefined:undefined:undefined":18,"s:158:4:158:Infinity":95,"s:158:25:158:Infinity":96,"s:160:4:160:Infinity":97,"s:161:4:161:Infinity":98,"s:163:4:187:Infinity":99,"s:164:18:168:Infinity":100,"s:170:19:170:Infinity":101,"s:172:22:179:Infinity":102,"f:172:39:172:40":18,"s:172:51:179:8":103,"b:176:15:176:41:176:41:176:Infinity":19,"s:181:6:181:Infinity":104,"s:182:6:182:Infinity":105,"s:184:7:184:Infinity":106,"s:186:7:186:Infinity":107,"f:191:17:191:34":19,"b:192:4:195:Infinity:undefined:undefined:undefined:undefined":20,"s:192:4:195:Infinity":108,"s:193:8:193:Infinity":109,"s:194:8:194:Infinity":110,"b:197:4:200:Infinity:undefined:undefined:undefined:undefined":21,"s:197:4:200:Infinity":111,"s:198:8:198:Infinity":112,"s:199:8:199:Infinity":113,"s:203:21:205:Infinity":114,"f:204:21:204:22":20,"s:204:28:204:63":115,"s:207:4:207:Infinity":116,"s:208:4:208:Infinity":117,"s:212:2:217:Infinity":118,"f:212:12:212:18":21,"s:213:4:213:Infinity":119,"s:214:4:216:Infinity":120,"f:214:11:214:17":22,"s:215:6:215:Infinity":121,"f:219:17:219:34":23,"s:220:17:220:Infinity":122,"s:221:16:223:Infinity":123,"s:224:17:224:Infinity":124,"s:225:18:225:Infinity":125,"b:226:4:226:Infinity:undefined:undefined:undefined:undefined":22,"s:226:4:226:Infinity":126,"s:226:16:226:Infinity":127,"s:228:4:235:Infinity":128,"b:232:13:232:39:232:39:232:Infinity":23,"f:240:17:240:32":24,"s:241:21:241:Infinity":129,"f:241:37:241:38":25,"s:241:44:241:60":130,"s:242:30:242:Infinity":131,"b:245:4:257:Infinity:252:11:257:Infinity":24,"s:245:4:257:Infinity":132,"s:247:6:247:Infinity":133,"s:248:6:248:Infinity":134,"f:248:36:248:37":26,"s:248:43:248:59":135,"s:249:6:249:Infinity":136,"s:250:6:250:Infinity":137,"s:251:6:251:Infinity":138,"f:251:17:251:23":27,"s:251:23:251:44":139,"s:254:6:254:Infinity":140,"s:255:6:255:Infinity":141,"s:256:6:256:Infinity":142,"s:260:4:272:Infinity":143,"s:262:8:266:Infinity":144,"f:262:26:262:27":28,"s:265:12:265:Infinity":145,"s:268:8:268:Infinity":146,"s:270:8:270:Infinity":147,"s:271:8:271:Infinity":148,"f:275:11:275:24":29,"b:276:6:280:Infinity:undefined:undefined:undefined:undefined":25,"s:276:6:280:Infinity":149,"s:277:10:277:Infinity":150,"f:277:23:277:24":30,"s:277:33:277:55":151,"s:278:10:278:Infinity":152,"s:279:10:279:Infinity":153,"s:284:36:284:Infinity":154,"f:287:11:287:28":31,"s:289:23:289:Infinity":155,"s:290:23:290:Infinity":156,"b:291:4:295:Infinity:293:11:295:Infinity":26,"s:291:4:295:Infinity":157,"s:292:6:292:Infinity":158,"s:294:6:294:Infinity":159,"s:299:2:304:Infinity":160,"f:299:12:299:18":32,"s:300:4:300:Infinity":161,"s:301:4:303:Infinity":162,"f:301:11:301:17":33,"s:302:6:302:Infinity":163,"s:307:29:317:Infinity":164,"f:307:29:307:35":34,"s:308:19:308:Infinity":165,"s:309:20:311:Infinity":166,"b:310:8:310:Infinity:311:8:311:Infinity":27,"s:314:4:316:Infinity":167,"b:315:8:315:Infinity:316:8:316:Infinity":28,"s:319:2:376:Infinity":168,"b:366:7:366:Infinity:367:10:370:Infinity":29}}}
,"/Users/elena/MoodTunes/src/components/Favorites.jsx": {"path":"/Users/elena/MoodTunes/src/components/Favorites.jsx","statementMap":{"0":{"start":{"line":17,"column":21},"end":{"line":17,"column":null}},"1":{"start":{"line":19,"column":2},"end":{"line":63,"column":null}},"2":{"start":{"line":25,"column":14},"end":{"line":39,"column":null}},"3":{"start":{"line":33,"column":35},"end":{"line":33,"column":null}},"4":{"start":{"line":48,"column":31},"end":{"line":48,"column":null}},"5":{"start":{"line":57,"column":31},"end":{"line":57,"column":null}}},"fnMap":{"0":{"name":"Favorites","decl":{"start":{"line":1,"column":24},"end":{"line":1,"column":34}},"loc":{"start":{"line":9,"column":3},"end":{"line":65,"column":null}},"line":9},"1":{"name":"(anonymous_1)","decl":{"start":{"line":24,"column":30},"end":{"line":24,"column":31}},"loc":{"start":{"line":25,"column":14},"end":{"line":39,"column":null}},"line":25},"2":{"name":"(anonymous_2)","decl":{"start":{"line":33,"column":29},"end":{"line":33,"column":35}},"loc":{"start":{"line":33,"column":35},"end":{"line":33,"column":null}},"line":33},"3":{"name":"(anonymous_3)","decl":{"start":{"line":48,"column":25},"end":{"line":48,"column":31}},"loc":{"start":{"line":48,"column":31},"end":{"line":48,"column":null}},"line":48},"4":{"name":"(anonymous_4)","decl":{"start":{"line":57,"column":25},"end":{"line":57,"column":31}},"loc":{"start":{"line":57,"column":31},"end":{"line":57,"column":null}},"line":57}},"branchMap":{"0":{"loc":{"start":{"line":22,"column":11},"end":{"line":22,"column":null}},"type":"binary-expr","locations":[{"start":{"line":22,"column":11},"end":{"line":22,"column":37}},{"start":{"line":22,"column":37},"end":{"line":22,"column":null}}],"line":22},"1":{"loc":{"start":{"line":30,"column":17},"end":{"line":30,"column":null}},"type":"binary-expr","locations":[{"start":{"line":30,"column":17},"end":{"line":30,"column":33}},{"start":{"line":30,"column":33},"end":{"line":30,"column":null}}],"line":30},"2":{"loc":{"start":{"line":44,"column":11},"end":{"line":61,"column":null}},"type":"binary-expr","locations":[{"start":{"line":44,"column":11},"end":{"line":44,"column":null}},{"start":{"line":45,"column":12},"end":{"line":61,"column":null}}],"line":44}},"s":{"0":42,"1":42,"2":3,"3":2,"4":0,"5":0},"f":{"0":42,"1":3,"2":2,"3":0,"4":0},"b":{"0":[42,39],"1":[3,0],"2":[42,0]},"meta":{"lastBranch":3,"lastFunction":5,"lastStatement":6,"seen":{"f:1:24:1:34":0,"s:17:21:17:Infinity":0,"s:19:2:63:Infinity":1,"b:22:11:22:37:22:37:22:Infinity":0,"f:24:30:24:31":1,"s:25:14:39:Infinity":2,"b:30:17:30:33:30:33:30:Infinity":1,"f:33:29:33:35":2,"s:33:35:33:Infinity":3,"b:44:11:44:Infinity:45:12:61:Infinity":2,"f:48:25:48:31":3,"s:48:31:48:Infinity":4,"f:57:25:57:31":4,"s:57:31:57:Infinity":5}}}
,"/Users/elena/MoodTunes/src/components/Header.jsx": {"path":"/Users/elena/MoodTunes/src/components/Header.jsx","statementMap":{"0":{"start":{"line":18,"column":2},"end":{"line":93,"column":null}},"1":{"start":{"line":37,"column":18},"end":{"line":37,"column":null}},"2":{"start":{"line":38,"column":18},"end":{"line":38,"column":null}},"3":{"start":{"line":42,"column":16},"end":{"line":42,"column":null}},"4":{"start":{"line":42,"column":46},"end":{"line":42,"column":null}},"5":{"start":{"line":44,"column":28},"end":{"line":44,"column":null}},"6":{"start":{"line":44,"column":45},"end":{"line":44,"column":72}},"7":{"start":{"line":49,"column":33},"end":{"line":49,"column":48}},"8":{"start":{"line":49,"column":48},"end":{"line":49,"column":62}},"9":{"start":{"line":58,"column":18},"end":{"line":70,"column":null}},"10":{"start":{"line":63,"column":35},"end":{"line":63,"column":null}},"11":{"start":{"line":64,"column":40},"end":{"line":64,"column":null}},"12":{"start":{"line":76,"column":35},"end":{"line":76,"column":55}},"13":{"start":{"line":76,"column":55},"end":{"line":76,"column":82}},"14":{"start":{"line":85,"column":32},"end":{"line":85,"column":null}}},"fnMap":{"0":{"name":"Header","decl":{"start":{"line":3,"column":24},"end":{"line":3,"column":31}},"loc":{"start":{"line":17,"column":3},"end":{"line":95,"column":null}},"line":17},"1":{"name":"(anonymous_1)","decl":{"start":{"line":36,"column":24},"end":{"line":36,"column":25}},"loc":{"start":{"line":36,"column":31},"end":{"line":39,"column":null}},"line":36},"2":{"name":"(anonymous_2)","decl":{"start":{"line":41,"column":23},"end":{"line":41,"column":29}},"loc":{"start":{"line":41,"column":29},"end":{"line":43,"column":null}},"line":41},"3":{"name":"(anonymous_3)","decl":{"start":{"line":44,"column":22},"end":{"line":44,"column":28}},"loc":{"start":{"line":44,"column":28},"end":{"line":44,"column":null}},"line":44},"4":{"name":"(anonymous_4)","decl":{"start":{"line":44,"column":39},"end":{"line":44,"column":45}},"loc":{"start":{"line":44,"column":45},"end":{"line":44,"column":72}},"line":44},"5":{"name":"(anonymous_5)","decl":{"start":{"line":49,"column":25},"end":{"line":49,"column":31}},"loc":{"start":{"line":49,"column":31},"end":{"line":49,"column":null}},"line":49},"6":{"name":"(anonymous_6)","decl":{"start":{"line":57,"column":33},"end":{"line":57,"column":34}},"loc":{"start":{"line":58,"column":18},"end":{"line":70,"column":null}},"line":58},"7":{"name":"(anonymous_7)","decl":{"start":{"line":63,"column":29},"end":{"line":63,"column":35}},"loc":{"start":{"line":63,"column":35},"end":{"line":63,"column":null}},"line":63},"8":{"name":"(anonymous_8)","decl":{"start":{"line":64,"column":34},"end":{"line":64,"column":40}},"loc":{"start":{"line":64,"column":40},"end":{"line":64,"column":null}},"line":64},"9":{"name":"(anonymous_9)","decl":{"start":{"line":76,"column":27},"end":{"line":76,"column":33}},"loc":{"start":{"line":76,"column":33},"end":{"line":76,"column":85}},"line":76},"10":{"name":"(anonymous_10)","decl":{"start":{"line":85,"column":26},"end":{"line":85,"column":32}},"loc":{"start":{"line":85,"column":32},"end":{"line":85,"column":null}},"line":85}},"branchMap":{"0":{"loc":{"start":{"line":42,"column":16},"end":{"line":42,"column":null}},"type":"if","locations":[{"start":{"line":42,"column":16},"end":{"line":42,"column":null}},{"start":{},"end":{}}],"line":42},"1":{"loc":{"start":{"line":46,"column":13},"end":{"line":53,"column":null}},"type":"binary-expr","locations":[{"start":{"line":46,"column":13},"end":{"line":46,"column":null}},{"start":{"line":47,"column":14},"end":{"line":53,"column":null}}],"line":46},"2":{"loc":{"start":{"line":55,"column":13},"end":{"line":72,"column":null}},"type":"binary-expr","locations":[{"start":{"line":55,"column":13},"end":{"line":55,"column":32}},{"start":{"line":55,"column":32},"end":{"line":55,"column":null}},{"start":{"line":56,"column":14},"end":{"line":72,"column":null}}],"line":55},"3":{"loc":{"start":{"line":62,"column":31},"end":{"line":62,"column":null}},"type":"cond-expr","locations":[{"start":{"line":62,"column":56},"end":{"line":62,"column":68}},{"start":{"line":62,"column":68},"end":{"line":62,"column":null}}],"line":62}},"s":{"0":38,"1":6,"2":6,"3":1,"4":0,"5":0,"6":0,"7":1,"8":1,"9":8,"10":0,"11":0,"12":4,"13":4,"14":2},"f":{"0":38,"1":6,"2":1,"3":0,"4":0,"5":1,"6":8,"7":0,"8":0,"9":4,"10":2},"b":{"0":[0,1],"1":[38,23],"2":[38,4,4],"3":[3,5]},"meta":{"lastBranch":4,"lastFunction":11,"lastStatement":15,"seen":{"f:3:24:3:31":0,"s:18:2:93:Infinity":0,"f:36:24:36:25":1,"s:37:18:37:Infinity":1,"s:38:18:38:Infinity":2,"f:41:23:41:29":2,"b:42:16:42:Infinity:undefined:undefined:undefined:undefined":0,"s:42:16:42:Infinity":3,"s:42:46:42:Infinity":4,"f:44:22:44:28":3,"s:44:28:44:Infinity":5,"f:44:39:44:45":4,"s:44:45:44:72":6,"b:46:13:46:Infinity:47:14:53:Infinity":1,"f:49:25:49:31":5,"s:49:33:49:48":7,"s:49:48:49:62":8,"b:55:13:55:32:55:32:55:Infinity:56:14:72:Infinity":2,"f:57:33:57:34":6,"s:58:18:70:Infinity":9,"b:62:56:62:68:62:68:62:Infinity":3,"f:63:29:63:35":7,"s:63:35:63:Infinity":10,"f:64:34:64:40":8,"s:64:40:64:Infinity":11,"f:76:27:76:33":9,"s:76:35:76:55":12,"s:76:55:76:82":13,"f:85:26:85:32":10,"s:85:32:85:Infinity":14}}}
,"/Users/elena/MoodTunes/src/components/SearchBar.jsx": {"path":"/Users/elena/MoodTunes/src/components/SearchBar.jsx","statementMap":{"0":{"start":{"line":4,"column":23},"end":{"line":21,"column":null}},"1":{"start":{"line":5,"column":4},"end":{"line":5,"column":null}},"2":{"start":{"line":6,"column":21},"end":{"line":6,"column":null}},"3":{"start":{"line":7,"column":23},"end":{"line":7,"column":null}},"4":{"start":{"line":10,"column":20},"end":{"line":13,"column":null}},"5":{"start":{"line":12,"column":18},"end":{"line":12,"column":26}},"6":{"start":{"line":15,"column":4},"end":{"line":15,"column":null}},"7":{"start":{"line":17,"column":21},"end":{"line":17,"column":null}},"8":{"start":{"line":18,"column":4},"end":{"line":18,"column":null}},"9":{"start":{"line":20,"column":4},"end":{"line":20,"column":null}},"10":{"start":{"line":23,"column":2},"end":{"line":31,"column":null}}},"fnMap":{"0":{"name":"SearchBar","decl":{"start":{"line":3,"column":9},"end":{"line":3,"column":19}},"loc":{"start":{"line":3,"column":33},"end":{"line":33,"column":null}},"line":3},"1":{"name":"(anonymous_1)","decl":{"start":{"line":4,"column":23},"end":{"line":4,"column":30}},"loc":{"start":{"line":4,"column":36},"end":{"line":21,"column":null}},"line":4},"2":{"name":"(anonymous_2)","decl":{"start":{"line":12,"column":11},"end":{"line":12,"column":12}},"loc":{"start":{"line":12,"column":18},"end":{"line":12,"column":26}},"line":12}},"branchMap":{},"s":{"0":2,"1":2,"2":2,"3":2,"4":2,"5":6,"6":2,"7":2,"8":2,"9":2,"10":2},"f":{"0":2,"1":2,"2":6},"b":{},"meta":{"lastBranch":0,"lastFunction":3,"lastStatement":11,"seen":{"f:3:9:3:19":0,"s:4:23:21:Infinity":0,"f:4:23:4:30":1,"s:5:4:5:Infinity":1,"s:6:21:6:Infinity":2,"s:7:23:7:Infinity":3,"s:10:20:13:Infinity":4,"f:12:11:12:12":2,"s:12:18:12:26":5,"s:15:4:15:Infinity":6,"s:17:21:17:Infinity":7,"s:18:4:18:Infinity":8,"s:20:4:20:Infinity":9,"s:23:2:31:Infinity":10}}}
,"/Users/elena/MoodTunes/src/components/SongsList.jsx": {"path":"/Users/elena/MoodTunes/src/components/SongsList.jsx","statementMap":{"0":{"start":{"line":11,"column":2},"end":{"line":84,"column":null}},"1":{"start":{"line":19,"column":16},"end":{"line":23,"column":null}},"2":{"start":{"line":29,"column":32},"end":{"line":29,"column":null}},"3":{"start":{"line":29,"column":54},"end":{"line":29,"column":70}},"4":{"start":{"line":30,"column":18},"end":{"line":59,"column":null}},"5":{"start":{"line":46,"column":39},"end":{"line":46,"column":null}},"6":{"start":{"line":70,"column":59},"end":{"line":70,"column":78}},"7":{"start":{"line":78,"column":31},"end":{"line":78,"column":null}}},"fnMap":{"0":{"name":"SongsList","decl":{"start":{"line":1,"column":24},"end":{"line":1,"column":34}},"loc":{"start":{"line":10,"column":3},"end":{"line":86,"column":null}},"line":10},"1":{"name":"(anonymous_1)","decl":{"start":{"line":18,"column":44},"end":{"line":18,"column":45}},"loc":{"start":{"line":19,"column":16},"end":{"line":23,"column":null}},"line":19},"2":{"name":"(anonymous_2)","decl":{"start":{"line":28,"column":36},"end":{"line":28,"column":37}},"loc":{"start":{"line":28,"column":46},"end":{"line":61,"column":17}},"line":28},"3":{"name":"(anonymous_3)","decl":{"start":{"line":29,"column":47},"end":{"line":29,"column":48}},"loc":{"start":{"line":29,"column":54},"end":{"line":29,"column":70}},"line":29},"4":{"name":"(anonymous_4)","decl":{"start":{"line":46,"column":33},"end":{"line":46,"column":39}},"loc":{"start":{"line":46,"column":39},"end":{"line":46,"column":null}},"line":46},"5":{"name":"(anonymous_5)","decl":{"start":{"line":70,"column":53},"end":{"line":70,"column":59}},"loc":{"start":{"line":70,"column":59},"end":{"line":70,"column":78}},"line":70},"6":{"name":"(anonymous_6)","decl":{"start":{"line":78,"column":25},"end":{"line":78,"column":31}},"loc":{"start":{"line":78,"column":31},"end":{"line":78,"column":null}},"line":78}},"branchMap":{"0":{"loc":{"start":{"line":16,"column":13},"end":{"line":62,"column":null}},"type":"cond-expr","locations":[{"start":{"line":18,"column":14},"end":{"line":24,"column":null}},{"start":{"line":26,"column":16},"end":{"line":62,"column":null}}],"line":16},"1":{"loc":{"start":{"line":27,"column":17},"end":{"line":27,"column":null}},"type":"binary-expr","locations":[{"start":{"line":27,"column":17},"end":{"line":27,"column":48}},{"start":{"line":27,"column":48},"end":{"line":27,"column":null}}],"line":27},"2":{"loc":{"start":{"line":43,"column":23},"end":{"line":43,"column":null}},"type":"binary-expr","locations":[{"start":{"line":43,"column":23},"end":{"line":43,"column":39}},{"start":{"line":43,"column":39},"end":{"line":43,"column":null}}],"line":43},"3":{"loc":{"start":{"line":45,"column":51},"end":{"line":45,"column":72}},"type":"cond-expr","locations":[{"start":{"line":45,"column":59},"end":{"line":45,"column":70}},{"start":{"line":45,"column":70},"end":{"line":45,"column":72}}],"line":45},"4":{"loc":{"start":{"line":47,"column":36},"end":{"line":47,"column":null}},"type":"cond-expr","locations":[{"start":{"line":47,"column":44},"end":{"line":47,"column":84}},{"start":{"line":47,"column":84},"end":{"line":47,"column":null}}],"line":47},"5":{"loc":{"start":{"line":57,"column":25},"end":{"line":57,"column":null}},"type":"cond-expr","locations":[{"start":{"line":57,"column":33},"end":{"line":57,"column":40}},{"start":{"line":57,"column":40},"end":{"line":57,"column":null}}],"line":57},"6":{"loc":{"start":{"line":68,"column":11},"end":{"line":82,"column":null}},"type":"binary-expr","locations":[{"start":{"line":68,"column":11},"end":{"line":68,"column":null}},{"start":{"line":69,"column":12},"end":{"line":82,"column":null}}],"line":68}},"s":{"0":43,"1":40,"2":26,"3":2,"4":26,"5":3,"6":0,"7":1},"f":{"0":43,"1":40,"2":26,"3":2,"4":3,"5":0,"6":1},"b":{"0":[5,38],"1":[38,26],"2":[26,2],"3":[2,24],"4":[2,24],"5":[2,24],"6":[43,2]},"meta":{"lastBranch":7,"lastFunction":7,"lastStatement":8,"seen":{"f:1:24:1:34":0,"s:11:2:84:Infinity":0,"b:18:14:24:Infinity:26:16:62:Infinity":0,"f:18:44:18:45":1,"s:19:16:23:Infinity":1,"b:27:17:27:48:27:48:27:Infinity":1,"f:28:36:28:37":2,"s:29:32:29:Infinity":2,"f:29:47:29:48":3,"s:29:54:29:70":3,"s:30:18:59:Infinity":4,"b:43:23:43:39:43:39:43:Infinity":2,"b:45:59:45:70:45:70:45:72":3,"f:46:33:46:39":4,"s:46:39:46:Infinity":5,"b:47:44:47:84:47:84:47:Infinity":4,"b:57:33:57:40:57:40:57:Infinity":5,"b:68:11:68:Infinity:69:12:82:Infinity":6,"f:70:53:70:59":5,"s:70:59:70:78":6,"f:78:25:78:31":6,"s:78:31:78:Infinity":7}}}
,"/Users/elena/MoodTunes/src/helpers/api.jsx": {"path":"/Users/elena/MoodTunes/src/helpers/api.jsx","statementMap":{"0":{"start":{"line":1,"column":20},"end":{"line":1,"column":null}},"1":{"start":{"line":5,"column":2},"end":{"line":27,"column":null}},"2":{"start":{"line":6,"column":16},"end":{"line":8,"column":null}},"3":{"start":{"line":10,"column":16},"end":{"line":10,"column":null}},"4":{"start":{"line":11,"column":4},"end":{"line":11,"column":null}},"5":{"start":{"line":11,"column":17},"end":{"line":11,"column":null}},"6":{"start":{"line":13,"column":17},"end":{"line":13,"column":null}},"7":{"start":{"line":15,"column":4},"end":{"line":15,"column":null}},"8":{"start":{"line":15,"column":52},"end":{"line":15,"column":null}},"9":{"start":{"line":17,"column":4},"end":{"line":23,"column":null}},"10":{"start":{"line":17,"column":40},"end":{"line":23,"column":6}},"11":{"start":{"line":25,"column":4},"end":{"line":25,"column":null}},"12":{"start":{"line":26,"column":4},"end":{"line":26,"column":null}},"13":{"start":{"line":32,"column":16},"end":{"line":32,"column":null}},"14":{"start":{"line":33,"column":2},"end":{"line":37,"column":null}},"15":{"start":{"line":34,"column":18},"end":{"line":34,"column":null}},"16":{"start":{"line":35,"column":4},"end":{"line":35,"column":null}},"17":{"start":{"line":36,"column":4},"end":{"line":36,"column":null}},"18":{"start":{"line":36,"column":35},"end":{"line":36,"column":59}},"19":{"start":{"line":38,"column":2},"end":{"line":38,"column":null}}},"fnMap":{"0":{"name":"fetchSongsByArtist","decl":{"start":{"line":4,"column":22},"end":{"line":4,"column":41}},"loc":{"start":{"line":4,"column":61},"end":{"line":28,"column":null}},"line":4},"1":{"name":"(anonymous_1)","decl":{"start":{"line":17,"column":28},"end":{"line":17,"column":29}},"loc":{"start":{"line":17,"column":40},"end":{"line":23,"column":6}},"line":17},"2":{"name":"fetchSongsByArtists","decl":{"start":{"line":31,"column":22},"end":{"line":31,"column":42}},"loc":{"start":{"line":31,"column":63},"end":{"line":39,"column":null}},"line":31},"3":{"name":"(anonymous_3)","decl":{"start":{"line":36,"column":22},"end":{"line":36,"column":23}},"loc":{"start":{"line":36,"column":35},"end":{"line":36,"column":59}},"line":36}},"branchMap":{"0":{"loc":{"start":{"line":4,"column":49},"end":{"line":4,"column":61}},"type":"default-arg","locations":[{"start":{"line":4,"column":57},"end":{"line":4,"column":61}}],"line":4},"1":{"loc":{"start":{"line":11,"column":4},"end":{"line":11,"column":null}},"type":"if","locations":[{"start":{"line":11,"column":4},"end":{"line":11,"column":null}},{"start":{},"end":{}}],"line":11},"2":{"loc":{"start":{"line":15,"column":4},"end":{"line":15,"column":null}},"type":"if","locations":[{"start":{"line":15,"column":4},"end":{"line":15,"column":null}},{"start":{},"end":{}}],"line":15},"3":{"loc":{"start":{"line":15,"column":8},"end":{"line":15,"column":52}},"type":"binary-expr","locations":[{"start":{"line":15,"column":8},"end":{"line":15,"column":25}},{"start":{"line":15,"column":25},"end":{"line":15,"column":52}}],"line":15},"4":{"loc":{"start":{"line":18,"column":13},"end":{"line":18,"column":null}},"type":"binary-expr","locations":[{"start":{"line":18,"column":13},"end":{"line":18,"column":32}},{"start":{"line":18,"column":32},"end":{"line":18,"column":null}}],"line":18},"5":{"loc":{"start":{"line":19,"column":14},"end":{"line":19,"column":null}},"type":"binary-expr","locations":[{"start":{"line":19,"column":14},"end":{"line":19,"column":34}},{"start":{"line":19,"column":34},"end":{"line":19,"column":null}}],"line":19},"6":{"loc":{"start":{"line":20,"column":13},"end":{"line":20,"column":null}},"type":"binary-expr","locations":[{"start":{"line":20,"column":13},"end":{"line":20,"column":39}},{"start":{"line":20,"column":39},"end":{"line":20,"column":null}}],"line":20},"7":{"loc":{"start":{"line":21,"column":15},"end":{"line":21,"column":null}},"type":"binary-expr","locations":[{"start":{"line":21,"column":15},"end":{"line":21,"column":35}},{"start":{"line":21,"column":35},"end":{"line":21,"column":null}}],"line":21},"8":{"loc":{"start":{"line":22,"column":13},"end":{"line":22,"column":null}},"type":"binary-expr","locations":[{"start":{"line":22,"column":13},"end":{"line":22,"column":36}},{"start":{"line":22,"column":36},"end":{"line":22,"column":null}}],"line":22},"9":{"loc":{"start":{"line":31,"column":51},"end":{"line":31,"column":63}},"type":"default-arg","locations":[{"start":{"line":31,"column":59},"end":{"line":31,"column":63}}],"line":31}},"s":{"0":1,"1":7,"2":7,"3":7,"4":6,"5":6,"6":5,"7":5,"8":1,"9":4,"10":4,"11":2,"12":2,"13":1,"14":1,"15":2,"16":2,"17":2,"18":2,"19":1},"f":{"0":7,"1":4,"2":1,"3":2},"b":{"0":[7],"1":[1,5],"2":[1,4],"3":[5,5],"4":[4,1],"5":[4,3],"6":[4,3],"7":[4,3],"8":[4,3],"9":[1]},"meta":{"lastBranch":10,"lastFunction":4,"lastStatement":20,"seen":{"s:1:20:1:Infinity":0,"f:4:22:4:41":0,"b:4:57:4:61":0,"s:5:2:27:Infinity":1,"s:6:16:8:Infinity":2,"s:10:16:10:Infinity":3,"b:11:4:11:Infinity:undefined:undefined:undefined:undefined":1,"s:11:4:11:Infinity":4,"s:11:17:11:Infinity":5,"s:13:17:13:Infinity":6,"b:15:4:15:Infinity:undefined:undefined:undefined:undefined":2,"s:15:4:15:Infinity":7,"b:15:8:15:25:15:25:15:52":3,"s:15:52:15:Infinity":8,"s:17:4:23:Infinity":9,"f:17:28:17:29":1,"s:17:40:23:6":10,"b:18:13:18:32:18:32:18:Infinity":4,"b:19:14:19:34:19:34:19:Infinity":5,"b:20:13:20:39:20:39:20:Infinity":6,"b:21:15:21:35:21:35:21:Infinity":7,"b:22:13:22:36:22:36:22:Infinity":8,"s:25:4:25:Infinity":11,"s:26:4:26:Infinity":12,"f:31:22:31:42":2,"b:31:59:31:63":9,"s:32:16:32:Infinity":13,"s:33:2:37:Infinity":14,"s:34:18:34:Infinity":15,"s:35:4:35:Infinity":16,"s:36:4:36:Infinity":17,"f:36:22:36:23":3,"s:36:35:36:59":18,"s:38:2:38:Infinity":19}}}
}
